#Build: Fabric Compiler 2021.1-SP7.3, Build 94852, May 25 15:09 2022
#Install: D:\Softwares\PDS_2021.1-SP7.3-ads\bin
#Application name: pds.exe
#OS: Windows 10 10.0.19044
#Hostname: thesame
Generated by Fabric Compiler (version 2021.1-SP7.3 build 94852) at Mon Feb 27 22:29:21 2023
ADS Parser
Compiling architecture definition.
Analyzing project file 'D:/Projects/FPGA_match/jichuang/pango_school_match/project.pds'.
License checkout: fabric_ads
Compiling verification operator library.
Loading technology operator library.
Compiling technology operator library.
Compiling technology operator (valence) library.
ADS Parser
I: Flow-6004: Design file modified: "D:/Projects/FPGA_match/jichuang/pango_school_match/source/new/video_zone_judge.v". 
Compiling architecture definition.
Analyzing project file 'D:/Projects/FPGA_match/jichuang/pango_school_match/project.pds'.
License checkout: fabric_ads
Compiling verification operator library.
Loading technology operator library.
Compiling technology operator library.
Compiling technology operator (valence) library.
ADS Parser
I: Flow-6004: Design file modified: "D:/Projects/FPGA_match/jichuang/pango_school_match/source/colorbar/color_bar.v". 
Compiling architecture definition.
Analyzing project file 'D:/Projects/FPGA_match/jichuang/pango_school_match/project.pds'.
License checkout: fabric_ads
Compiling verification operator library.
Loading technology operator library.
Compiling technology operator library.
Compiling technology operator (valence) library.


Process "Compile" started.
Current time: Mon Feb 27 22:32:06 2023
Compiling architecture definition.
Analyzing project file 'D:/Projects/FPGA_match/jichuang/pango_school_match/project.pds'.
License checkout: fabric_ads
Compiling verification operator library.
Loading technology operator library.
Compiling technology operator library.
Compiling technology operator (valence) library.
Start rtl-analyze.
I: Enable Verilog2k features and keywords
Executing : .rtl_analyze -include_path {D:/Projects/FPGA_match/jichuang/pango_school_match} D:/Projects/FPGA_match/jichuang/pango_school_match/source/uart_command_resolve/m_decoder.v
I: Verilog-0001: Analyzing file D:/Projects/FPGA_match/jichuang/pango_school_match/source/uart_command_resolve/m_decoder.v
I: Verilog-0002: [D:/Projects/FPGA_match/jichuang/pango_school_match/source/uart_command_resolve/m_decoder.v(line number: 3)] Analyzing module m_decoder (library work)
Parsing done.
Executing : .rtl_analyze -include_path {D:/Projects/FPGA_match/jichuang/pango_school_match} D:/Projects/FPGA_match/jichuang/pango_school_match/source/uart_command_resolve/m_decoder.v successfully.
Executing : .rtl_analyze -include_path {D:/Projects/FPGA_match/jichuang/pango_school_match} D:/Projects/FPGA_match/jichuang/pango_school_match/source/uart_command_resolve/m_bps.v
I: Verilog-0001: Analyzing file D:/Projects/FPGA_match/jichuang/pango_school_match/source/uart_command_resolve/m_bps.v
I: Verilog-0002: [D:/Projects/FPGA_match/jichuang/pango_school_match/source/uart_command_resolve/m_bps.v(line number: 3)] Analyzing module m_bps (library work)
Parsing done.
Executing : .rtl_analyze -include_path {D:/Projects/FPGA_match/jichuang/pango_school_match} D:/Projects/FPGA_match/jichuang/pango_school_match/source/uart_command_resolve/m_bps.v successfully.
Executing : .rtl_analyze -include_path {D:/Projects/FPGA_match/jichuang/pango_school_match} D:/Projects/FPGA_match/jichuang/pango_school_match/source/videocnt/video_pixel_counter.v
I: Verilog-0001: Analyzing file D:/Projects/FPGA_match/jichuang/pango_school_match/source/videocnt/video_pixel_counter.v
I: Verilog-0002: [D:/Projects/FPGA_match/jichuang/pango_school_match/source/videocnt/video_pixel_counter.v(line number: 2)] Analyzing module video_pixel_counter (library work)
Parsing done.
Executing : .rtl_analyze -include_path {D:/Projects/FPGA_match/jichuang/pango_school_match} D:/Projects/FPGA_match/jichuang/pango_school_match/source/videocnt/video_pixel_counter.v successfully.
Executing : .rtl_analyze -include_path {D:/Projects/FPGA_match/jichuang/pango_school_match} D:/Projects/FPGA_match/jichuang/pango_school_match/source/uart_command_resolve/m_s2p.v
I: Verilog-0001: Analyzing file D:/Projects/FPGA_match/jichuang/pango_school_match/source/uart_command_resolve/m_s2p.v
I: Verilog-0002: [D:/Projects/FPGA_match/jichuang/pango_school_match/source/uart_command_resolve/m_s2p.v(line number: 3)] Analyzing module m_s2p (library work)
Parsing done.
Executing : .rtl_analyze -include_path {D:/Projects/FPGA_match/jichuang/pango_school_match} D:/Projects/FPGA_match/jichuang/pango_school_match/source/uart_command_resolve/m_s2p.v successfully.
Executing : .rtl_analyze -include_path {D:/Projects/FPGA_match/jichuang/pango_school_match} D:/Projects/FPGA_match/jichuang/pango_school_match/source/colorbar/color_bar.v
I: Verilog-0001: Analyzing file D:/Projects/FPGA_match/jichuang/pango_school_match/source/colorbar/color_bar.v
I: Found Verilog include file D:/Projects/FPGA_match/jichuang/pango_school_match/source/colorbar/video_define.v
I: Verilog-0002: [D:/Projects/FPGA_match/jichuang/pango_school_match/source/colorbar/color_bar.v(line number: 34)] Analyzing module color_bar (library work)
Parsing done.
Executing : .rtl_analyze -include_path {D:/Projects/FPGA_match/jichuang/pango_school_match} D:/Projects/FPGA_match/jichuang/pango_school_match/source/colorbar/color_bar.v successfully.
Executing : .rtl_analyze -include_path {D:/Projects/FPGA_match/jichuang/pango_school_match} D:/Projects/FPGA_match/jichuang/pango_school_match/source/uart_command_resolve/top.v
I: Verilog-0001: Analyzing file D:/Projects/FPGA_match/jichuang/pango_school_match/source/uart_command_resolve/top.v
I: Verilog-0002: [D:/Projects/FPGA_match/jichuang/pango_school_match/source/uart_command_resolve/top.v(line number: 1)] Analyzing module top_uart_cmd_resolve (library work)
Parsing done.
Executing : .rtl_analyze -include_path {D:/Projects/FPGA_match/jichuang/pango_school_match} D:/Projects/FPGA_match/jichuang/pango_school_match/source/uart_command_resolve/top.v successfully.
Executing : .rtl_analyze -include_path {D:/Projects/FPGA_match/jichuang/pango_school_match} D:/Projects/FPGA_match/jichuang/pango_school_match/source/new/top_video_zone_display.v
I: Verilog-0001: Analyzing file D:/Projects/FPGA_match/jichuang/pango_school_match/source/new/top_video_zone_display.v
I: Verilog-0002: [D:/Projects/FPGA_match/jichuang/pango_school_match/source/new/top_video_zone_display.v(line number: 3)] Analyzing module top_video_zone_display (library work)
Parsing done.
Executing : .rtl_analyze -include_path {D:/Projects/FPGA_match/jichuang/pango_school_match} D:/Projects/FPGA_match/jichuang/pango_school_match/source/new/top_video_zone_display.v successfully.
Executing : .rtl_analyze -include_path {D:/Projects/FPGA_match/jichuang/pango_school_match} D:/Projects/FPGA_match/jichuang/pango_school_match/source/new/video_zone_judge.v
I: Verilog-0001: Analyzing file D:/Projects/FPGA_match/jichuang/pango_school_match/source/new/video_zone_judge.v
I: Verilog-0002: [D:/Projects/FPGA_match/jichuang/pango_school_match/source/new/video_zone_judge.v(line number: 3)] Analyzing module video_zone_judge (library work)
Parsing done.
Executing : .rtl_analyze -include_path {D:/Projects/FPGA_match/jichuang/pango_school_match} D:/Projects/FPGA_match/jichuang/pango_school_match/source/new/video_zone_judge.v successfully.
Executing : .rtl_analyze -include_path {D:/Projects/FPGA_match/jichuang/pango_school_match} D:/Projects/FPGA_match/jichuang/pango_school_match/source/dvi_tx/encode.v
I: Verilog-0001: Analyzing file D:/Projects/FPGA_match/jichuang/pango_school_match/source/dvi_tx/encode.v
I: Verilog-0002: [D:/Projects/FPGA_match/jichuang/pango_school_match/source/dvi_tx/encode.v(line number: 46)] Analyzing module encode (library work)
Parsing done.
Executing : .rtl_analyze -include_path {D:/Projects/FPGA_match/jichuang/pango_school_match} D:/Projects/FPGA_match/jichuang/pango_school_match/source/dvi_tx/encode.v successfully.
Executing : .rtl_analyze -include_path {D:/Projects/FPGA_match/jichuang/pango_school_match} D:/Projects/FPGA_match/jichuang/pango_school_match/source/dvi_tx/serdes_4b_10to1.v
I: Verilog-0001: Analyzing file D:/Projects/FPGA_match/jichuang/pango_school_match/source/dvi_tx/serdes_4b_10to1.v
I: Verilog-0002: [D:/Projects/FPGA_match/jichuang/pango_school_match/source/dvi_tx/serdes_4b_10to1.v(line number: 3)] Analyzing module serdes_4b_10to1 (library work)
Parsing done.
Executing : .rtl_analyze -include_path {D:/Projects/FPGA_match/jichuang/pango_school_match} D:/Projects/FPGA_match/jichuang/pango_school_match/source/dvi_tx/serdes_4b_10to1.v successfully.
Executing : .rtl_analyze -include_path {D:/Projects/FPGA_match/jichuang/pango_school_match} D:/Projects/FPGA_match/jichuang/pango_school_match/source/dvi_tx/dvi_encoder.v
I: Verilog-0001: Analyzing file D:/Projects/FPGA_match/jichuang/pango_school_match/source/dvi_tx/dvi_encoder.v
I: Verilog-0002: [D:/Projects/FPGA_match/jichuang/pango_school_match/source/dvi_tx/dvi_encoder.v(line number: 2)] Analyzing module dvi_encoder (library work)
Parsing done.
Executing : .rtl_analyze -include_path {D:/Projects/FPGA_match/jichuang/pango_school_match} D:/Projects/FPGA_match/jichuang/pango_school_match/source/dvi_tx/dvi_encoder.v successfully.
Executing : .rtl_analyze -include_path {D:/Projects/FPGA_match/jichuang/pango_school_match} D:/Projects/FPGA_match/jichuang/pango_school_match/ipcore/video_clk_gen/video_clk_gen.v
I: Verilog-0001: Analyzing file D:/Projects/FPGA_match/jichuang/pango_school_match/ipcore/video_clk_gen/video_clk_gen.v
I: Verilog-0002: [D:/Projects/FPGA_match/jichuang/pango_school_match/ipcore/video_clk_gen/video_clk_gen.v(line number: 20)] Analyzing module video_clk_gen (library work)
Parsing done.
Executing : .rtl_analyze -include_path {D:/Projects/FPGA_match/jichuang/pango_school_match} D:/Projects/FPGA_match/jichuang/pango_school_match/ipcore/video_clk_gen/video_clk_gen.v successfully.
I: Module "top_video_zone_display" is set as top module.
Executing : rtl-analyze successfully. Time elapsed: 0.009s wall, 0.000s user + 0.000s system = 0.000s CPU (n/a%)

Start rtl-elaborate.
I: Module "top_video_zone_display" is set as top module.
I: Verilog-0003: [D:/Projects/FPGA_match/jichuang/pango_school_match/source/new/top_video_zone_display.v(line number: 3)] Elaborating module top_video_zone_display
I: top_video_zone_display parameter value:
    UART_BPS_RATE = 32'b00000000000000011100001000000000
    BPS_DLY_BIT = 32'b00000000000000000010000111101000
I: Verilog-0003: [D:/Projects/FPGA_match/jichuang/pango_school_match/source/new/video_zone_judge.v(line number: 3)] Elaborating module video_zone_judge
I: Verilog-0003: [D:/Projects/FPGA_match/jichuang/pango_school_match/source/uart_command_resolve/top.v(line number: 1)] Elaborating module top_uart_cmd_resolve
I: top_video_zone_display.u_top_uart_cmd_resolve parameter value:
    UART_BPS_RATE = 32'b00000000000000011100001000000000
    BPS_DLY_BIT = 32'b00000000000000000010000111101000
I: Verilog-0003: [D:/Projects/FPGA_match/jichuang/pango_school_match/source/uart_command_resolve/m_bps.v(line number: 3)] Elaborating module m_bps
I: top_video_zone_display.u_top_uart_cmd_resolve.u_m_bps parameter value:
    UART_BPS_RATE = 32'b00000000000000011100001000000000
    CLK_PERIORD = 32'b00000000000000000000000000010100
I: Verilog-0003: [D:/Projects/FPGA_match/jichuang/pango_school_match/source/uart_command_resolve/m_s2p.v(line number: 3)] Elaborating module m_s2p
I: Verilog-0003: [D:/Projects/FPGA_match/jichuang/pango_school_match/source/uart_command_resolve/m_decoder.v(line number: 3)] Elaborating module m_decoder
I: Verilog-0003: [D:/Projects/FPGA_match/jichuang/pango_school_match/source/videocnt/video_pixel_counter.v(line number: 2)] Elaborating module video_pixel_counter
I: Verilog-0003: [D:/Projects/FPGA_match/jichuang/pango_school_match/source/colorbar/color_bar.v(line number: 34)] Elaborating module color_bar
I: top_video_zone_display.u_color_bar parameter value:
    H_ACTIVE = 16'b0000010100000000
    H_FP = 16'b0000000001101110
    H_SYNC = 16'b0000000000101000
    H_BP = 16'b0000000011011100
    V_ACTIVE = 16'b0000001011010000
    V_FP = 16'b0000000000000101
    V_SYNC = 16'b0000000000000101
    V_BP = 16'b0000000000010100
    HS_POL = 1'b1
    VS_POL = 1'b1
    H_TOTAL = 16'b0000011001110010
    V_TOTAL = 16'b0000001011101110
    WHITE_R = 8'b00000000
    WHITE_G = 8'b11111111
    WHITE_B = 8'b00000000
    YELLOW_R = 8'b00000000
    YELLOW_G = 8'b11111111
    YELLOW_B = 8'b00000000
    CYAN_R = 8'b00000000
    CYAN_G = 8'b11111111
    CYAN_B = 8'b00000000
    GREEN_R = 8'b00000000
    GREEN_G = 8'b11111111
    GREEN_B = 8'b00000000
    MAGENTA_R = 8'b00000000
    MAGENTA_G = 8'b11111111
    MAGENTA_B = 8'b00000000
    RED_R = 8'b00000000
    RED_G = 8'b11111111
    RED_B = 8'b00000000
    BLUE_R = 8'b00000000
    BLUE_G = 8'b11111111
    BLUE_B = 8'b00000000
    BLACK_R = 8'b00000000
    BLACK_G = 8'b11111111
    BLACK_B = 8'b00000000
I: Verilog-0003: [D:/Projects/FPGA_match/jichuang/pango_school_match/ipcore/video_clk_gen/video_clk_gen.v(line number: 20)] Elaborating module video_clk_gen
I: Verilog-0003: [D:/Softwares/PDS_2021.1-SP7.3-ads/arch/vendor/pango/library/operator/gtp_lib.v(line number: 22051)] Elaborating module GTP_PLL_E1
W: Verilog-2021: [D:/Projects/FPGA_match/jichuang/pango_school_match/ipcore/video_clk_gen/video_clk_gen.v(line number: 120)] Net clkfb in video_clk_gen(original module video_clk_gen) does not have a driver, tie it to 0
W: Verilog-2021: [D:/Projects/FPGA_match/jichuang/pango_school_match/ipcore/video_clk_gen/video_clk_gen.v(line number: 123)] Net pfden in video_clk_gen(original module video_clk_gen) does not have a driver, tie it to 0
W: Verilog-2021: [D:/Projects/FPGA_match/jichuang/pango_school_match/ipcore/video_clk_gen/video_clk_gen.v(line number: 124)] Net clkout0_gate in video_clk_gen(original module video_clk_gen) does not have a driver, tie it to 0
W: Verilog-2021: [D:/Projects/FPGA_match/jichuang/pango_school_match/ipcore/video_clk_gen/video_clk_gen.v(line number: 125)] Net clkout0_2pad_gate in video_clk_gen(original module video_clk_gen) does not have a driver, tie it to 0
W: Verilog-2021: [D:/Projects/FPGA_match/jichuang/pango_school_match/ipcore/video_clk_gen/video_clk_gen.v(line number: 126)] Net clkout1_gate in video_clk_gen(original module video_clk_gen) does not have a driver, tie it to 0
W: Verilog-2021: [D:/Projects/FPGA_match/jichuang/pango_school_match/ipcore/video_clk_gen/video_clk_gen.v(line number: 127)] Net clkout2_gate in video_clk_gen(original module video_clk_gen) does not have a driver, tie it to 0
W: Verilog-2021: [D:/Projects/FPGA_match/jichuang/pango_school_match/ipcore/video_clk_gen/video_clk_gen.v(line number: 128)] Net clkout3_gate in video_clk_gen(original module video_clk_gen) does not have a driver, tie it to 0
W: Verilog-2021: [D:/Projects/FPGA_match/jichuang/pango_school_match/ipcore/video_clk_gen/video_clk_gen.v(line number: 129)] Net clkout4_gate in video_clk_gen(original module video_clk_gen) does not have a driver, tie it to 0
W: Verilog-2021: [D:/Projects/FPGA_match/jichuang/pango_school_match/ipcore/video_clk_gen/video_clk_gen.v(line number: 130)] Net clkout5_gate in video_clk_gen(original module video_clk_gen) does not have a driver, tie it to 0
W: Verilog-2021: [D:/Projects/FPGA_match/jichuang/pango_school_match/ipcore/video_clk_gen/video_clk_gen.v(line number: 131)] Net dyn_idiv in video_clk_gen(original module video_clk_gen) does not have a driver, tie it to 0
W: Verilog-2021: [D:/Projects/FPGA_match/jichuang/pango_school_match/ipcore/video_clk_gen/video_clk_gen.v(line number: 132)] Net dyn_odiv0 in video_clk_gen(original module video_clk_gen) does not have a driver, tie it to 0
W: Verilog-2021: [D:/Projects/FPGA_match/jichuang/pango_school_match/ipcore/video_clk_gen/video_clk_gen.v(line number: 133)] Net dyn_odiv1 in video_clk_gen(original module video_clk_gen) does not have a driver, tie it to 0
W: Verilog-2021: [D:/Projects/FPGA_match/jichuang/pango_school_match/ipcore/video_clk_gen/video_clk_gen.v(line number: 134)] Net dyn_odiv2 in video_clk_gen(original module video_clk_gen) does not have a driver, tie it to 0
W: Verilog-2021: [D:/Projects/FPGA_match/jichuang/pango_school_match/ipcore/video_clk_gen/video_clk_gen.v(line number: 135)] Net dyn_odiv3 in video_clk_gen(original module video_clk_gen) does not have a driver, tie it to 0
W: Verilog-2021: [D:/Projects/FPGA_match/jichuang/pango_school_match/ipcore/video_clk_gen/video_clk_gen.v(line number: 136)] Net dyn_odiv4 in video_clk_gen(original module video_clk_gen) does not have a driver, tie it to 0
W: Verilog-2021: [D:/Projects/FPGA_match/jichuang/pango_school_match/ipcore/video_clk_gen/video_clk_gen.v(line number: 137)] Net dyn_fdiv in video_clk_gen(original module video_clk_gen) does not have a driver, tie it to 0
W: Verilog-2021: [D:/Projects/FPGA_match/jichuang/pango_school_match/ipcore/video_clk_gen/video_clk_gen.v(line number: 138)] Net dyn_duty0 in video_clk_gen(original module video_clk_gen) does not have a driver, tie it to 0
W: Verilog-2021: [D:/Projects/FPGA_match/jichuang/pango_school_match/ipcore/video_clk_gen/video_clk_gen.v(line number: 139)] Net dyn_duty1 in video_clk_gen(original module video_clk_gen) does not have a driver, tie it to 0
W: Verilog-2021: [D:/Projects/FPGA_match/jichuang/pango_school_match/ipcore/video_clk_gen/video_clk_gen.v(line number: 140)] Net dyn_duty2 in video_clk_gen(original module video_clk_gen) does not have a driver, tie it to 0
W: Verilog-2021: [D:/Projects/FPGA_match/jichuang/pango_school_match/ipcore/video_clk_gen/video_clk_gen.v(line number: 141)] Net dyn_duty3 in video_clk_gen(original module video_clk_gen) does not have a driver, tie it to 0
W: Verilog-2021: [D:/Projects/FPGA_match/jichuang/pango_school_match/ipcore/video_clk_gen/video_clk_gen.v(line number: 142)] Net dyn_duty4 in video_clk_gen(original module video_clk_gen) does not have a driver, tie it to 0
W: Verilog-2020: [D:/Projects/FPGA_match/jichuang/pango_school_match/ipcore/video_clk_gen/video_clk_gen.v(line number: 143)] Net dyn_phase0[0] in video_clk_gen(original module video_clk_gen) does not have a driver, tie it to 0
W: Verilog-2020: [D:/Projects/FPGA_match/jichuang/pango_school_match/ipcore/video_clk_gen/video_clk_gen.v(line number: 143)] Net dyn_phase0[1] in video_clk_gen(original module video_clk_gen) does not have a driver, tie it to 0
W: Verilog-2020: [D:/Projects/FPGA_match/jichuang/pango_school_match/ipcore/video_clk_gen/video_clk_gen.v(line number: 143)] Net dyn_phase0[2] in video_clk_gen(original module video_clk_gen) does not have a driver, tie it to 0
W: Verilog-2020: [D:/Projects/FPGA_match/jichuang/pango_school_match/ipcore/video_clk_gen/video_clk_gen.v(line number: 143)] Net dyn_phase0[3] in video_clk_gen(original module video_clk_gen) does not have a driver, tie it to 0
W: Verilog-2020: [D:/Projects/FPGA_match/jichuang/pango_school_match/ipcore/video_clk_gen/video_clk_gen.v(line number: 143)] Net dyn_phase0[4] in video_clk_gen(original module video_clk_gen) does not have a driver, tie it to 0
W: Verilog-2020: [D:/Projects/FPGA_match/jichuang/pango_school_match/ipcore/video_clk_gen/video_clk_gen.v(line number: 143)] Net dyn_phase0[5] in video_clk_gen(original module video_clk_gen) does not have a driver, tie it to 0
W: Verilog-2020: [D:/Projects/FPGA_match/jichuang/pango_school_match/ipcore/video_clk_gen/video_clk_gen.v(line number: 143)] Net dyn_phase0[6] in video_clk_gen(original module video_clk_gen) does not have a driver, tie it to 0
W: Verilog-2020: [D:/Projects/FPGA_match/jichuang/pango_school_match/ipcore/video_clk_gen/video_clk_gen.v(line number: 143)] Net dyn_phase0[7] in video_clk_gen(original module video_clk_gen) does not have a driver, tie it to 0
W: Verilog-2020: [D:/Projects/FPGA_match/jichuang/pango_school_match/ipcore/video_clk_gen/video_clk_gen.v(line number: 143)] Net dyn_phase0[8] in video_clk_gen(original module video_clk_gen) does not have a driver, tie it to 0
W: Verilog-2020: [D:/Projects/FPGA_match/jichuang/pango_school_match/ipcore/video_clk_gen/video_clk_gen.v(line number: 143)] Net dyn_phase0[9] in video_clk_gen(original module video_clk_gen) does not have a driver, tie it to 0
W: Verilog-2020: [D:/Projects/FPGA_match/jichuang/pango_school_match/ipcore/video_clk_gen/video_clk_gen.v(line number: 143)] Net dyn_phase0[10] in video_clk_gen(original module video_clk_gen) does not have a driver, tie it to 0
W: Verilog-2020: [D:/Projects/FPGA_match/jichuang/pango_school_match/ipcore/video_clk_gen/video_clk_gen.v(line number: 143)] Net dyn_phase0[11] in video_clk_gen(original module video_clk_gen) does not have a driver, tie it to 0
W: Verilog-2020: [D:/Projects/FPGA_match/jichuang/pango_school_match/ipcore/video_clk_gen/video_clk_gen.v(line number: 143)] Net dyn_phase0[12] in video_clk_gen(original module video_clk_gen) does not have a driver, tie it to 0
W: Verilog-2020: [D:/Projects/FPGA_match/jichuang/pango_school_match/ipcore/video_clk_gen/video_clk_gen.v(line number: 144)] Net dyn_phase1[0] in video_clk_gen(original module video_clk_gen) does not have a driver, tie it to 0
W: Verilog-2020: [D:/Projects/FPGA_match/jichuang/pango_school_match/ipcore/video_clk_gen/video_clk_gen.v(line number: 144)] Net dyn_phase1[1] in video_clk_gen(original module video_clk_gen) does not have a driver, tie it to 0
W: Verilog-2020: [D:/Projects/FPGA_match/jichuang/pango_school_match/ipcore/video_clk_gen/video_clk_gen.v(line number: 144)] Net dyn_phase1[2] in video_clk_gen(original module video_clk_gen) does not have a driver, tie it to 0
W: Verilog-2020: [D:/Projects/FPGA_match/jichuang/pango_school_match/ipcore/video_clk_gen/video_clk_gen.v(line number: 144)] Net dyn_phase1[3] in video_clk_gen(original module video_clk_gen) does not have a driver, tie it to 0
W: Verilog-2020: [D:/Projects/FPGA_match/jichuang/pango_school_match/ipcore/video_clk_gen/video_clk_gen.v(line number: 144)] Net dyn_phase1[4] in video_clk_gen(original module video_clk_gen) does not have a driver, tie it to 0
W: Verilog-2020: [D:/Projects/FPGA_match/jichuang/pango_school_match/ipcore/video_clk_gen/video_clk_gen.v(line number: 144)] Net dyn_phase1[5] in video_clk_gen(original module video_clk_gen) does not have a driver, tie it to 0
W: Verilog-2020: [D:/Projects/FPGA_match/jichuang/pango_school_match/ipcore/video_clk_gen/video_clk_gen.v(line number: 144)] Net dyn_phase1[6] in video_clk_gen(original module video_clk_gen) does not have a driver, tie it to 0
W: Verilog-2020: [D:/Projects/FPGA_match/jichuang/pango_school_match/ipcore/video_clk_gen/video_clk_gen.v(line number: 144)] Net dyn_phase1[7] in video_clk_gen(original module video_clk_gen) does not have a driver, tie it to 0
W: Verilog-2020: [D:/Projects/FPGA_match/jichuang/pango_school_match/ipcore/video_clk_gen/video_clk_gen.v(line number: 144)] Net dyn_phase1[8] in video_clk_gen(original module video_clk_gen) does not have a driver, tie it to 0
W: Verilog-2020: [D:/Projects/FPGA_match/jichuang/pango_school_match/ipcore/video_clk_gen/video_clk_gen.v(line number: 144)] Net dyn_phase1[9] in video_clk_gen(original module video_clk_gen) does not have a driver, tie it to 0
W: Verilog-2020: [D:/Projects/FPGA_match/jichuang/pango_school_match/ipcore/video_clk_gen/video_clk_gen.v(line number: 144)] Net dyn_phase1[10] in video_clk_gen(original module video_clk_gen) does not have a driver, tie it to 0
W: Verilog-2020: [D:/Projects/FPGA_match/jichuang/pango_school_match/ipcore/video_clk_gen/video_clk_gen.v(line number: 144)] Net dyn_phase1[11] in video_clk_gen(original module video_clk_gen) does not have a driver, tie it to 0
W: Verilog-2020: [D:/Projects/FPGA_match/jichuang/pango_school_match/ipcore/video_clk_gen/video_clk_gen.v(line number: 144)] Net dyn_phase1[12] in video_clk_gen(original module video_clk_gen) does not have a driver, tie it to 0
W: Verilog-2020: [D:/Projects/FPGA_match/jichuang/pango_school_match/ipcore/video_clk_gen/video_clk_gen.v(line number: 145)] Net dyn_phase2[0] in video_clk_gen(original module video_clk_gen) does not have a driver, tie it to 0
W: Verilog-2020: [D:/Projects/FPGA_match/jichuang/pango_school_match/ipcore/video_clk_gen/video_clk_gen.v(line number: 145)] Net dyn_phase2[1] in video_clk_gen(original module video_clk_gen) does not have a driver, tie it to 0
W: Verilog-2020: [D:/Projects/FPGA_match/jichuang/pango_school_match/ipcore/video_clk_gen/video_clk_gen.v(line number: 145)] Net dyn_phase2[2] in video_clk_gen(original module video_clk_gen) does not have a driver, tie it to 0
W: Verilog-2020: [D:/Projects/FPGA_match/jichuang/pango_school_match/ipcore/video_clk_gen/video_clk_gen.v(line number: 145)] Net dyn_phase2[3] in video_clk_gen(original module video_clk_gen) does not have a driver, tie it to 0
W: Verilog-2020: [D:/Projects/FPGA_match/jichuang/pango_school_match/ipcore/video_clk_gen/video_clk_gen.v(line number: 145)] Net dyn_phase2[4] in video_clk_gen(original module video_clk_gen) does not have a driver, tie it to 0
W: Verilog-2020: [D:/Projects/FPGA_match/jichuang/pango_school_match/ipcore/video_clk_gen/video_clk_gen.v(line number: 145)] Net dyn_phase2[5] in video_clk_gen(original module video_clk_gen) does not have a driver, tie it to 0
W: Verilog-2020: [D:/Projects/FPGA_match/jichuang/pango_school_match/ipcore/video_clk_gen/video_clk_gen.v(line number: 145)] Net dyn_phase2[6] in video_clk_gen(original module video_clk_gen) does not have a driver, tie it to 0
W: Verilog-2020: [D:/Projects/FPGA_match/jichuang/pango_school_match/ipcore/video_clk_gen/video_clk_gen.v(line number: 145)] Net dyn_phase2[7] in video_clk_gen(original module video_clk_gen) does not have a driver, tie it to 0
W: Verilog-2020: [D:/Projects/FPGA_match/jichuang/pango_school_match/ipcore/video_clk_gen/video_clk_gen.v(line number: 145)] Net dyn_phase2[8] in video_clk_gen(original module video_clk_gen) does not have a driver, tie it to 0
W: Verilog-2020: [D:/Projects/FPGA_match/jichuang/pango_school_match/ipcore/video_clk_gen/video_clk_gen.v(line number: 145)] Net dyn_phase2[9] in video_clk_gen(original module video_clk_gen) does not have a driver, tie it to 0
W: Verilog-2020: [D:/Projects/FPGA_match/jichuang/pango_school_match/ipcore/video_clk_gen/video_clk_gen.v(line number: 145)] Net dyn_phase2[10] in video_clk_gen(original module video_clk_gen) does not have a driver, tie it to 0
W: Verilog-2020: [D:/Projects/FPGA_match/jichuang/pango_school_match/ipcore/video_clk_gen/video_clk_gen.v(line number: 145)] Net dyn_phase2[11] in video_clk_gen(original module video_clk_gen) does not have a driver, tie it to 0
W: Verilog-2020: [D:/Projects/FPGA_match/jichuang/pango_school_match/ipcore/video_clk_gen/video_clk_gen.v(line number: 145)] Net dyn_phase2[12] in video_clk_gen(original module video_clk_gen) does not have a driver, tie it to 0
W: Verilog-2020: [D:/Projects/FPGA_match/jichuang/pango_school_match/ipcore/video_clk_gen/video_clk_gen.v(line number: 146)] Net dyn_phase3[0] in video_clk_gen(original module video_clk_gen) does not have a driver, tie it to 0
W: Verilog-2020: [D:/Projects/FPGA_match/jichuang/pango_school_match/ipcore/video_clk_gen/video_clk_gen.v(line number: 146)] Net dyn_phase3[1] in video_clk_gen(original module video_clk_gen) does not have a driver, tie it to 0
W: Verilog-2020: [D:/Projects/FPGA_match/jichuang/pango_school_match/ipcore/video_clk_gen/video_clk_gen.v(line number: 146)] Net dyn_phase3[2] in video_clk_gen(original module video_clk_gen) does not have a driver, tie it to 0
W: Verilog-2020: [D:/Projects/FPGA_match/jichuang/pango_school_match/ipcore/video_clk_gen/video_clk_gen.v(line number: 146)] Net dyn_phase3[3] in video_clk_gen(original module video_clk_gen) does not have a driver, tie it to 0
W: Verilog-2020: [D:/Projects/FPGA_match/jichuang/pango_school_match/ipcore/video_clk_gen/video_clk_gen.v(line number: 146)] Net dyn_phase3[4] in video_clk_gen(original module video_clk_gen) does not have a driver, tie it to 0
W: Verilog-2020: [D:/Projects/FPGA_match/jichuang/pango_school_match/ipcore/video_clk_gen/video_clk_gen.v(line number: 146)] Net dyn_phase3[5] in video_clk_gen(original module video_clk_gen) does not have a driver, tie it to 0
W: Verilog-2020: [D:/Projects/FPGA_match/jichuang/pango_school_match/ipcore/video_clk_gen/video_clk_gen.v(line number: 146)] Net dyn_phase3[6] in video_clk_gen(original module video_clk_gen) does not have a driver, tie it to 0
W: Verilog-2020: [D:/Projects/FPGA_match/jichuang/pango_school_match/ipcore/video_clk_gen/video_clk_gen.v(line number: 146)] Net dyn_phase3[7] in video_clk_gen(original module video_clk_gen) does not have a driver, tie it to 0
W: Verilog-2020: [D:/Projects/FPGA_match/jichuang/pango_school_match/ipcore/video_clk_gen/video_clk_gen.v(line number: 146)] Net dyn_phase3[8] in video_clk_gen(original module video_clk_gen) does not have a driver, tie it to 0
W: Verilog-2020: [D:/Projects/FPGA_match/jichuang/pango_school_match/ipcore/video_clk_gen/video_clk_gen.v(line number: 146)] Net dyn_phase3[9] in video_clk_gen(original module video_clk_gen) does not have a driver, tie it to 0
W: Verilog-2020: [D:/Projects/FPGA_match/jichuang/pango_school_match/ipcore/video_clk_gen/video_clk_gen.v(line number: 146)] Net dyn_phase3[10] in video_clk_gen(original module video_clk_gen) does not have a driver, tie it to 0
W: Verilog-2020: [D:/Projects/FPGA_match/jichuang/pango_school_match/ipcore/video_clk_gen/video_clk_gen.v(line number: 146)] Net dyn_phase3[11] in video_clk_gen(original module video_clk_gen) does not have a driver, tie it to 0
W: Verilog-2020: [D:/Projects/FPGA_match/jichuang/pango_school_match/ipcore/video_clk_gen/video_clk_gen.v(line number: 146)] Net dyn_phase3[12] in video_clk_gen(original module video_clk_gen) does not have a driver, tie it to 0
W: Verilog-2020: [D:/Projects/FPGA_match/jichuang/pango_school_match/ipcore/video_clk_gen/video_clk_gen.v(line number: 147)] Net dyn_phase4[0] in video_clk_gen(original module video_clk_gen) does not have a driver, tie it to 0
W: Verilog-2020: [D:/Projects/FPGA_match/jichuang/pango_school_match/ipcore/video_clk_gen/video_clk_gen.v(line number: 147)] Net dyn_phase4[1] in video_clk_gen(original module video_clk_gen) does not have a driver, tie it to 0
W: Verilog-2020: [D:/Projects/FPGA_match/jichuang/pango_school_match/ipcore/video_clk_gen/video_clk_gen.v(line number: 147)] Net dyn_phase4[2] in video_clk_gen(original module video_clk_gen) does not have a driver, tie it to 0
W: Verilog-2020: [D:/Projects/FPGA_match/jichuang/pango_school_match/ipcore/video_clk_gen/video_clk_gen.v(line number: 147)] Net dyn_phase4[3] in video_clk_gen(original module video_clk_gen) does not have a driver, tie it to 0
W: Verilog-2020: [D:/Projects/FPGA_match/jichuang/pango_school_match/ipcore/video_clk_gen/video_clk_gen.v(line number: 147)] Net dyn_phase4[4] in video_clk_gen(original module video_clk_gen) does not have a driver, tie it to 0
W: Verilog-2020: [D:/Projects/FPGA_match/jichuang/pango_school_match/ipcore/video_clk_gen/video_clk_gen.v(line number: 147)] Net dyn_phase4[5] in video_clk_gen(original module video_clk_gen) does not have a driver, tie it to 0
W: Verilog-2020: [D:/Projects/FPGA_match/jichuang/pango_school_match/ipcore/video_clk_gen/video_clk_gen.v(line number: 147)] Net dyn_phase4[6] in video_clk_gen(original module video_clk_gen) does not have a driver, tie it to 0
W: Verilog-2020: [D:/Projects/FPGA_match/jichuang/pango_school_match/ipcore/video_clk_gen/video_clk_gen.v(line number: 147)] Net dyn_phase4[7] in video_clk_gen(original module video_clk_gen) does not have a driver, tie it to 0
W: Verilog-2020: [D:/Projects/FPGA_match/jichuang/pango_school_match/ipcore/video_clk_gen/video_clk_gen.v(line number: 147)] Net dyn_phase4[8] in video_clk_gen(original module video_clk_gen) does not have a driver, tie it to 0
W: Verilog-2020: [D:/Projects/FPGA_match/jichuang/pango_school_match/ipcore/video_clk_gen/video_clk_gen.v(line number: 147)] Net dyn_phase4[9] in video_clk_gen(original module video_clk_gen) does not have a driver, tie it to 0
W: Verilog-2020: [D:/Projects/FPGA_match/jichuang/pango_school_match/ipcore/video_clk_gen/video_clk_gen.v(line number: 147)] Net dyn_phase4[10] in video_clk_gen(original module video_clk_gen) does not have a driver, tie it to 0
W: Verilog-2020: [D:/Projects/FPGA_match/jichuang/pango_school_match/ipcore/video_clk_gen/video_clk_gen.v(line number: 147)] Net dyn_phase4[11] in video_clk_gen(original module video_clk_gen) does not have a driver, tie it to 0
W: Verilog-2020: [D:/Projects/FPGA_match/jichuang/pango_school_match/ipcore/video_clk_gen/video_clk_gen.v(line number: 147)] Net dyn_phase4[12] in video_clk_gen(original module video_clk_gen) does not have a driver, tie it to 0
I: Verilog-0003: [D:/Projects/FPGA_match/jichuang/pango_school_match/source/dvi_tx/dvi_encoder.v(line number: 2)] Elaborating module dvi_encoder
I: Verilog-0003: [D:/Projects/FPGA_match/jichuang/pango_school_match/source/dvi_tx/encode.v(line number: 46)] Elaborating module encode
I: top_video_zone_display.rgb2dvi.encb parameter value:
    CTRLTOKEN0 = 10'b1101010100
    CTRLTOKEN1 = 10'b0010101011
    CTRLTOKEN2 = 10'b0101010100
    CTRLTOKEN3 = 10'b1010101011
I: Verilog-0003: [D:/Projects/FPGA_match/jichuang/pango_school_match/source/dvi_tx/encode.v(line number: 46)] Elaborating module encode
I: top_video_zone_display.rgb2dvi.encr parameter value:
    CTRLTOKEN0 = 10'b1101010100
    CTRLTOKEN1 = 10'b0010101011
    CTRLTOKEN2 = 10'b0101010100
    CTRLTOKEN3 = 10'b1010101011
I: Verilog-0003: [D:/Projects/FPGA_match/jichuang/pango_school_match/source/dvi_tx/encode.v(line number: 46)] Elaborating module encode
I: top_video_zone_display.rgb2dvi.encg parameter value:
    CTRLTOKEN0 = 10'b1101010100
    CTRLTOKEN1 = 10'b0010101011
    CTRLTOKEN2 = 10'b0101010100
    CTRLTOKEN3 = 10'b1010101011
I: Verilog-0003: [D:/Projects/FPGA_match/jichuang/pango_school_match/source/dvi_tx/serdes_4b_10to1.v(line number: 3)] Elaborating module serdes_4b_10to1
I: Verilog-0003: [D:/Softwares/PDS_2021.1-SP7.3-ads/arch/vendor/pango/library/operator/gtp_lib.v(line number: 20688)] Elaborating module GTP_OSERDES
I: Verilog-0003: [D:/Softwares/PDS_2021.1-SP7.3-ads/arch/vendor/pango/library/operator/gtp_lib.v(line number: 20846)] Elaborating module GTP_OUTBUFT
Executing : rtl-elaborate successfully. Time elapsed: 0.026s wall, 0.031s user + 0.000s system = 0.031s CPU (121.4%)

Start rtl-prep.
Executing : rtl-prep successfully. Time elapsed: 0.017s wall, 0.016s user + 0.000s system = 0.016s CPU (94.1%)

Start rtl-infer.
I: Removed inst rgb_r_reg[7:0] that is redundant to rgb_b_reg[7:0].
Executing : rtl-infer successfully. Time elapsed: 0.246s wall, 0.156s user + 0.094s system = 0.250s CPU (101.7%)

Start rtl-control-opt.
Executing : rtl-control-opt successfully. Time elapsed: 0.007s wall, 0.000s user + 0.000s system = 0.000s CPU (n/a%)

Start rtl-data-opt.
Executing : rtl-data-opt successfully. Time elapsed: 0.043s wall, 0.047s user + 0.000s system = 0.047s CPU (108.9%)

Start FSM inference.
I: FSM state_c_fsm[3:0] inferred.
FSM state_c_fsm[3:0] STG:
Number of reachable states: 5
Input nets: N141 i_rx_en 
S0(0000)-->S1(0001): x1
S1(0001)-->S1(0001): x0
S1(0001)-->S2(0010): x1
S2(0010)-->S2(0010): x0
S2(0010)-->S3(0011): x1
S3(0011)-->S3(0011): x0
S3(0011)-->S4(0100): 11
S2(0010)-->S3(0011): 01
S3(0011)-->S3(0011): 01
S4(0100)-->S4(0100): x0
S0(0000)-->S0(0000): x0
S4(0100)-->S0(0000): x1

Executing : FSM inference successfully. Time elapsed: 0.020s wall, 0.016s user + 0.000s system = 0.016s CPU (78.7%)

Start sdm2adm.
I: Constant propagation done on N280 (bmsWIDEMUX).
I: Constant propagation done on N328_1 (bmsWIDEMUX).
I: Constant propagation done on N287 (bmsWIDEMUX).
Executing : sdm2adm successfully. Time elapsed: 0.060s wall, 0.062s user + 0.000s system = 0.062s CPU (103.9%)

Saving design to DB.
Action compile: Real time elapsed is 3.000 sec
Action compile: CPU time elapsed is 2.063 sec
Current time: Mon Feb 27 22:32:08 2023
Action compile: Peak memory pool usage is 100,589,568 bytes
Process "Compile" done.


Process "Synthesize" started.
Current time: Mon Feb 27 22:32:09 2023
Compiling architecture definition.
Analyzing project file 'D:/Projects/FPGA_match/jichuang/pango_school_match/project.pds'.
License checkout: fabric_ads
Compiling verification operator library.
Compiling common defs.
Loading technology operator library.
Compiling technology operator library.
Compiling technology operator (valence) library.
Reading design from compile DB
Reading design from compile DB successfully.
NOTE: The technology fpga was specified.
NOTE: delay_model specified was generic_cmos.
NOTE: Using the fpga syntax tables...
Totals:
 Calls to malloc = 0
 Calls to calloc = 350860

Constraint check start.
Compiling prim grid devices.
Building architecture model.
Loading device packaging model.
Building architecture floorplan logic view.
C: ConstraintEditor-2002: [D:/Projects/FPGA_match/jichuang/pango_school_match/project.fdc(line number: 43)] | Port tmds_data_n[1] has been placed at location A11, whose type is share pin.
C: ConstraintEditor-2002: [D:/Projects/FPGA_match/jichuang/pango_school_match/project.fdc(line number: 52)] | Port tmds_data_n[2] has been placed at location A10, whose type is share pin.
C: ConstraintEditor-2002: [D:/Projects/FPGA_match/jichuang/pango_school_match/project.fdc(line number: 70)] | Port tmds_data_p[1] has been placed at location B11, whose type is share pin.
C: ConstraintEditor-2002: [D:/Projects/FPGA_match/jichuang/pango_school_match/project.fdc(line number: 79)] | Port tmds_data_p[2] has been placed at location B10, whose type is share pin.
Constraint check end.
Executing : get_ports clk
Executing : get_ports clk successfully.
Executing : create_clock -name top_video_zone_display|clk [get_ports clk] -period 1000.000 -waveform {0.000 500.000} -add
Executing : create_clock -name top_video_zone_display|clk [get_ports clk] -period 1000.000 -waveform {0.000 500.000} -add successfully.
Executing : set_clock_groups -name Inferred_clock_group_0 -asynchronous -group top_video_zone_display|clk
Executing : set_clock_groups -name Inferred_clock_group_0 -asynchronous -group top_video_zone_display|clk successfully.
Executing : set_clock_groups -name Inferred_clock_group_0 -asynchronous -group top_video_zone_display|clk
Executing : set_clock_groups -name Inferred_clock_group_0 -asynchronous -group top_video_zone_display|clk successfully.
W: Adm-4079: User-specified initial value defined for instance 'TMDS_mod5[2:0]' is being ignored due to limitations in architecture.
W: Adm-4079: User-specified initial value defined for instance 'TMDS_shift_0h[4:0]' is being ignored due to limitations in architecture.
W: Adm-4079: User-specified initial value defined for instance 'TMDS_shift_0l[4:0]' is being ignored due to limitations in architecture.
W: Adm-4079: User-specified initial value defined for instance 'TMDS_shift_1h[4:0]' is being ignored due to limitations in architecture.
W: Adm-4079: User-specified initial value defined for instance 'TMDS_shift_1l[4:0]' is being ignored due to limitations in architecture.
W: Adm-4079: User-specified initial value defined for instance 'TMDS_shift_2h[4:0]' is being ignored due to limitations in architecture.
W: Adm-4079: User-specified initial value defined for instance 'TMDS_shift_2l[4:0]' is being ignored due to limitations in architecture.
W: Adm-4079: User-specified initial value defined for instance 'TMDS_shift_3h[4:0]' is being ignored due to limitations in architecture.
W: Adm-4079: User-specified initial value defined for instance 'TMDS_shift_3l[4:0]' is being ignored due to limitations in architecture.
Start pre-mapping.
I: Encoding type of FSM 'state_c_fsm[3:0]' is: onehot.
I: Encoding table of FSM 'state_c_fsm[3:0]':
I: from  u_top_uart_cmd_resolve/u_m_decoder/state_c[3] u_top_uart_cmd_resolve/u_m_decoder/state_c[2] u_top_uart_cmd_resolve/u_m_decoder/state_c[1] u_top_uart_cmd_resolve/u_m_decoder/state_c[0]
I: to  u_top_uart_cmd_resolve/u_m_decoder/state_c_4 u_top_uart_cmd_resolve/u_m_decoder/state_c_3 u_top_uart_cmd_resolve/u_m_decoder/state_c_2 u_top_uart_cmd_resolve/u_m_decoder/state_c_1 u_top_uart_cmd_resolve/u_m_decoder/state_c_0
I: 0000 => 00001
I: 0001 => 00010
I: 0010 => 00100
I: 0011 => 01000
I: 0100 => 10000
Executing : pre-mapping successfully. Time elapsed: 0.155s wall, 0.156s user + 0.000s system = 0.156s CPU (100.8%)

Start mod-gen.
W: Public-4008: Instance 'u_top_uart_cmd_resolve/u_m_decoder/o_check[7:0]' of 'bmsWIDEDFFCPE' unit is dangling and will be cleaned.
W: Public-4008: Instance 'u_video_pixel_counter/block_h_cnt[5:0]' of 'bmsWIDEDFFPATCE' unit is dangling and will be cleaned.
W: Public-4008: Instance 'u_video_pixel_counter/block_v_cnt[5:0]' of 'bmsWIDEDFFPATCE' unit is dangling and will be cleaned.
W: Public-4008: Instance 'u_video_pixel_counter/cnt_32[5:0]' of 'bmsWIDEDFFPATCE' unit is dangling and will be cleaned.
W: Public-4008: Instance 'u_video_pixel_counter/cnt_36[6:0]' of 'bmsWIDEDFFCPE' unit is dangling and will be cleaned.
W: Public-4008: Instance 'u_video_pixel_counter/inblock_line_cnt[5:0]' of 'bmsWIDEDFFCPE' unit is dangling and will be cleaned.
I: Removed bmsWIDEDFFRSE inst rgb2dvi/encr/de_q that is redundant to rgb2dvi/encb/de_q
I: Removed bmsWIDEDFFRSE inst rgb2dvi/encg/de_q that is redundant to rgb2dvi/encb/de_q
I: Removed bmsWIDEDFFRSE inst rgb2dvi/encg/c1_q that is redundant to rgb2dvi/encg/c0_q
I: Removed bmsWIDEDFFRSE inst rgb2dvi/encr/c0_q that is redundant to rgb2dvi/encg/c0_q
I: Removed bmsWIDEDFFRSE inst rgb2dvi/encr/c1_q that is redundant to rgb2dvi/encg/c0_q
I: Removed bmsWIDEDFFRSE inst rgb2dvi/encg/din_q[7:0] that is redundant to rgb2dvi/encb/din_q[7:0]
I: Removed bmsWIDEDFFRSE inst rgb2dvi/encr/de_reg that is redundant to rgb2dvi/encb/de_reg
I: Removed bmsWIDEDFFRSE inst rgb2dvi/encg/de_reg that is redundant to rgb2dvi/encb/de_reg
I: Removed bmsWIDEDFFRSE inst rgb2dvi/encr/c1_reg that is redundant to rgb2dvi/encr/c0_reg
I: Removed bmsWIDEDFFRSE inst rgb2dvi/encr/c0_reg that is redundant to rgb2dvi/encg/c0_reg
I: Removed bmsWIDEDFFRSE inst rgb2dvi/encg/c1_reg that is redundant to rgb2dvi/encg/c0_reg
I: Removed bmsADD inst rgb2dvi/encg/N374 that is redundant to rgb2dvi/encb/N374
I: Removed bmsADD inst rgb2dvi/encg/N14_1 that is redundant to rgb2dvi/encb/N14_1
I: Removed bmsWIDEDFFRSE inst rgb2dvi/encg/n1d[3:0] that is redundant to rgb2dvi/encb/n1d[3:0]
I: Constant propagation done on rgb2dvi/encb/N26 (bmsWIDEMUX).
I: Constant propagation done on rgb2dvi/encg/N26 (bmsWIDEMUX).
I: Constant propagation done on rgb2dvi/encr/N26 (bmsWIDEMUX).
I: Constant propagation done on u_video_zone_judge/N60 (bmsWIDEMUX).
I: Constant propagation done on rgb2dvi/encg/N304 (bmsREDOR).
I: Constant propagation done on rgb2dvi/encb/N24 (bmsWIDEINV).
I: Removed bmsADD inst rgb2dvi/encg/N360 that is redundant to rgb2dvi/encb/N360
I: Removed bmsWIDEDFFRSE inst rgb2dvi/encg/q_m_reg[8:0] that is redundant to rgb2dvi/encb/q_m_reg[8:0]
I: Removed bmsADD inst rgb2dvi/encg/N74_1 that is redundant to rgb2dvi/encb/N74_1
I: Removed bmsWIDEDFFRSE inst rgb2dvi/encg/n1q_m[3:0] that is redundant to rgb2dvi/encb/n1q_m[3:0]
I: Removed bmsWIDEINV inst rgb2dvi/encg/N121 that is redundant to rgb2dvi/encb/N121
I: Removed bmsWIDEINV inst rgb2dvi/encg/N107 that is redundant to rgb2dvi/encb/N107
I: Removed bmsSUB inst rgb2dvi/encg/N91 that is redundant to rgb2dvi/encb/N91
I: Removed bmsWIDEDFFRSE inst rgb2dvi/encg/n0q_m[3:0] that is redundant to rgb2dvi/encb/n0q_m[3:0]
I: Removed bmsWIDEMUX inst rgb2dvi/encg/N108 that is redundant to rgb2dvi/encb/N108
W: Register u_top_uart_cmd_resolve/u_m_bps/r_bps_cnt[10] is reduced to constant 0.
W: Register u_top_uart_cmd_resolve/u_m_decoder/state_d[3] is reduced to constant 0.
W: Register u_video_zone_judge/vid_pData_zoned[0] is reduced to constant 0.
W: Register rgb2dvi/encb/din_q[0] is reduced to constant 0.
W: Register rgb2dvi/encg/c0_q is reduced to constant 0.
W: Register rgb2dvi/encg/c0_reg is reduced to constant 0.
W: Register rgb2dvi/encb/q_m_reg[0] is reduced to constant 0.
I: Constant propagation done on u_top_uart_cmd_resolve/u_m_bps/N29 (bmsREDAND).
I: Constant propagation done on u_top_uart_cmd_resolve/u_m_decoder/N189_0 (bmsREDAND).
I: Constant propagation done on rgb2dvi/encb/N20 (bmsREDAND).
I: Constant propagation done on rgb2dvi/encr/N303 (bmsWIDEMUX).
W: Removed bmsWIDEDFFRSE inst rgb2dvi/encb/n1d[3:0] that is stuck at constant 0.
I: Removed bmsWIDEDFFRSE inst rgb2dvi/encb/q_m_reg[3] that is redundant to rgb2dvi/encb/q_m_reg[2]
I: Removed bmsWIDEDFFRSE inst rgb2dvi/encb/q_m_reg[2] that is redundant to rgb2dvi/encb/q_m_reg[1]
I: Removed bmsWIDEDFFRSE inst rgb2dvi/encb/q_m_reg[4] that is redundant to rgb2dvi/encb/q_m_reg[1]
I: Removed bmsWIDEDFFRSE inst rgb2dvi/encb/q_m_reg[6] that is redundant to rgb2dvi/encb/q_m_reg[1]
I: Removed bmsWIDEDFFRSE inst rgb2dvi/encb/q_m_reg[5] that is redundant to rgb2dvi/encb/q_m_reg[1]
I: Removed bmsWIDEDFFRSE inst rgb2dvi/encb/q_m_reg[7] that is redundant to rgb2dvi/encb/q_m_reg[1]
Executing : mod-gen successfully. Time elapsed: 0.457s wall, 0.453s user + 0.000s system = 0.453s CPU (99.2%)

Start logic-optimization.
W: Removed bmsWIDEDFFRSE inst rgb2dvi/encb/q_m_reg[8] that is stuck at constant 1.
W: Removed bmsWIDEDFFRSE inst rgb2dvi/encb/q_m_reg[1] that is stuck at constant 0.
W: Removed bmsWIDEDFFRSE inst rgb2dvi/encb/n1q_m[3:0] that is stuck at constant 0.
I: Removed bmsWIDEDFFCPE inst rgb2dvi/encb/dout[1] that is redundant to rgb2dvi/encb/dout[0]
I: Removed bmsWIDEDFFCPE inst rgb2dvi/encb/dout[3] that is redundant to rgb2dvi/encb/dout[0]
I: Removed bmsWIDEDFFCPE inst rgb2dvi/encb/dout[5] that is redundant to rgb2dvi/encb/dout[0]
I: Removed bmsWIDEDFFCPE inst rgb2dvi/encb/dout[7] that is redundant to rgb2dvi/encb/dout[0]
I: Removed bmsWIDEDFFCPE inst rgb2dvi/encg/dout[1] that is redundant to rgb2dvi/encg/dout[0]
I: Removed bmsWIDEDFFCPE inst rgb2dvi/encg/dout[3] that is redundant to rgb2dvi/encg/dout[0]
I: Removed bmsWIDEDFFCPE inst rgb2dvi/encg/dout[5] that is redundant to rgb2dvi/encg/dout[0]
I: Removed bmsWIDEDFFCPE inst rgb2dvi/encg/dout[7] that is redundant to rgb2dvi/encg/dout[0]
I: Removed bmsWIDEDFFCPE inst rgb2dvi/encb/dout[4] that is redundant to rgb2dvi/encb/dout[2]
I: Removed bmsWIDEDFFCPE inst rgb2dvi/encb/dout[6] that is redundant to rgb2dvi/encb/dout[2]
I: Removed bmsWIDEDFFCPE inst rgb2dvi/encg/dout[4] that is redundant to rgb2dvi/encg/dout[2]
I: Removed bmsWIDEDFFCPE inst rgb2dvi/encg/dout[6] that is redundant to rgb2dvi/encg/dout[2]
I: Removed bmsWIDEDFFCPE inst rgb2dvi/encg/dout[9] that is redundant to rgb2dvi/encg/dout[2]
I: Removed bmsWIDEDFFCPE inst rgb2dvi/encr/dout[4] that is redundant to rgb2dvi/encr/dout[2]
I: Removed bmsWIDEDFFCPE inst rgb2dvi/encr/dout[6] that is redundant to rgb2dvi/encr/dout[2]
I: Removed bmsWIDEDFFCPE inst rgb2dvi/encr/dout[3] that is redundant to rgb2dvi/encr/dout[1]
I: Removed bmsWIDEDFFCPE inst rgb2dvi/encr/dout[5] that is redundant to rgb2dvi/encr/dout[1]
I: Removed bmsWIDEDFFCPE inst rgb2dvi/encr/dout[7] that is redundant to rgb2dvi/encr/dout[1]
Executing : logic-optimization successfully. Time elapsed: 0.450s wall, 0.422s user + 0.031s system = 0.453s CPU (100.7%)

Start tech-mapping phase 1.
W: Public-4008: Instance 'rgb2dvi/encb/n0q_m[1]' of 'GTP_DFF' unit is dangling and will be cleaned.
W: Public-4008: Instance 'rgb2dvi/encb/n0q_m[2]' of 'GTP_DFF' unit is dangling and will be cleaned.
W: Public-4008: Instance 'rgb2dvi/encr/q_m_reg[2]' of 'GTP_DFF' unit is dangling and will be cleaned.
W: Public-4008: Instance 'rgb2dvi/encr/q_m_reg[3]' of 'GTP_DFF' unit is dangling and will be cleaned.
W: Public-4008: Instance 'rgb2dvi/encr/q_m_reg[4]' of 'GTP_DFF' unit is dangling and will be cleaned.
W: Public-4008: Instance 'rgb2dvi/encr/q_m_reg[5]' of 'GTP_DFF' unit is dangling and will be cleaned.
W: Public-4008: Instance 'rgb2dvi/encr/q_m_reg[6]' of 'GTP_DFF' unit is dangling and will be cleaned.
W: Public-4008: Instance 'rgb2dvi/encr/q_m_reg[7]' of 'GTP_DFF' unit is dangling and will be cleaned.
W: Public-4008: Instance 'rgb2dvi/encr/n1q_m[1]' of 'GTP_DFF' unit is dangling and will be cleaned.
W: Public-4008: Instance 'rgb2dvi/encr/n1d[1]' of 'GTP_DFF' unit is dangling and will be cleaned.
W: Public-4008: Instance 'rgb2dvi/encr/n1d[2]' of 'GTP_DFF' unit is dangling and will be cleaned.
W: Public-4008: Instance 'rgb2dvi/encr/n0q_m[1]' of 'GTP_DFF' unit is dangling and will be cleaned.
W: Public-4008: Instance 'u_top_uart_cmd_resolve/u_m_decoder/byte1[0][0]' of 'GTP_DFF_E' unit is dangling and will be cleaned.
W: Public-4008: Instance 'u_top_uart_cmd_resolve/u_m_decoder/byte1[0][1]' of 'GTP_DFF_E' unit is dangling and will be cleaned.
W: Public-4008: Instance 'u_top_uart_cmd_resolve/u_m_decoder/byte1[0][2]' of 'GTP_DFF_E' unit is dangling and will be cleaned.
W: Public-4008: Instance 'u_top_uart_cmd_resolve/u_m_decoder/byte1[0][3]' of 'GTP_DFF_E' unit is dangling and will be cleaned.
W: Public-4008: Instance 'u_top_uart_cmd_resolve/u_m_decoder/byte1[0][4]' of 'GTP_DFF_E' unit is dangling and will be cleaned.
W: Public-4008: Instance 'u_top_uart_cmd_resolve/u_m_decoder/byte1[0][5]' of 'GTP_DFF_E' unit is dangling and will be cleaned.
W: Public-4008: Instance 'u_top_uart_cmd_resolve/u_m_decoder/byte1[0][6]' of 'GTP_DFF_E' unit is dangling and will be cleaned.
W: Public-4008: Instance 'u_top_uart_cmd_resolve/u_m_decoder/byte1[0][7]' of 'GTP_DFF_E' unit is dangling and will be cleaned.
W: Public-4008: Instance 'u_top_uart_cmd_resolve/u_m_decoder/byte1[1][6]' of 'GTP_DFF_E' unit is dangling and will be cleaned.
W: Public-4008: Instance 'u_top_uart_cmd_resolve/u_m_decoder/byte1[1][7]' of 'GTP_DFF_E' unit is dangling and will be cleaned.
W: Public-4008: Instance 'u_top_uart_cmd_resolve/u_m_decoder/o_para_list[0]' of 'GTP_DFF_CE' unit is dangling and will be cleaned.
W: Public-4008: Instance 'u_top_uart_cmd_resolve/u_m_decoder/o_para_list[1]' of 'GTP_DFF_CE' unit is dangling and will be cleaned.
W: Public-4008: Instance 'u_top_uart_cmd_resolve/u_m_decoder/o_para_list[2]' of 'GTP_DFF_CE' unit is dangling and will be cleaned.
W: Public-4008: Instance 'u_top_uart_cmd_resolve/u_m_decoder/o_para_list[3]' of 'GTP_DFF_CE' unit is dangling and will be cleaned.
W: Public-4008: Instance 'u_top_uart_cmd_resolve/u_m_decoder/o_para_list[4]' of 'GTP_DFF_CE' unit is dangling and will be cleaned.
W: Public-4008: Instance 'u_top_uart_cmd_resolve/u_m_decoder/o_para_list[5]' of 'GTP_DFF_CE' unit is dangling and will be cleaned.
W: Public-4008: Instance 'u_top_uart_cmd_resolve/u_m_decoder/o_para_list[6]' of 'GTP_DFF_CE' unit is dangling and will be cleaned.
W: Public-4008: Instance 'u_top_uart_cmd_resolve/u_m_decoder/o_para_list[7]' of 'GTP_DFF_CE' unit is dangling and will be cleaned.
W: Public-4008: Instance 'u_top_uart_cmd_resolve/u_m_decoder/o_para_list[14]' of 'GTP_DFF_CE' unit is dangling and will be cleaned.
W: Public-4008: Instance 'u_top_uart_cmd_resolve/u_m_decoder/o_para_list[15]' of 'GTP_DFF_CE' unit is dangling and will be cleaned.
W: Removed GTP_DFF inst rgb2dvi/encb/n0q_m[3] that is stuck at constant 1.
W: Removed GTP_DFF inst rgb2dvi/encr/n1q_m[0] that is stuck at constant 0.
W: Removed GTP_DFF inst rgb2dvi/encr/n1d[0] that is stuck at constant 0.
W: Removed GTP_DFF inst rgb2dvi/encr/n0q_m[0] that is stuck at constant 0.
W: Removed GTP_DFF inst rgb2dvi/encb/n0q_m[0] that is stuck at constant 0.
I: Removed GTP_DFF inst rgb2dvi/encr/n1d[3] that is redundant to rgb2dvi/encr/din_q[0]
I: Removed GTP_DFF_S inst rgb2dvi/serdes_4b_10to1_m0/TMDS_shift_3l[4] that is redundant to rgb2dvi/serdes_4b_10to1_m0/TMDS_shift_3h[4]
I: Removed GTP_DFF inst rgb2dvi/encr/n1q_m[2] that is redundant to rgb2dvi/encr/n0q_m[2]
I: Removed GTP_DFF inst rgb2dvi/encr/q_m_reg[1] that is redundant to rgb2dvi/encr/q_m_reg[0]
I: Removed GTP_DFF inst rgb2dvi/encr/q_m_reg[0] that is redundant to rgb2dvi/encr/n1q_m[3]
I: Removed GTP_DFF_S inst rgb2dvi/serdes_4b_10to1_m0/TMDS_shift_3l[3] that is redundant to rgb2dvi/serdes_4b_10to1_m0/TMDS_shift_3h[3]
I: Removed GTP_DFF_C inst rgb2dvi/encr/dout[1] that is redundant to rgb2dvi/encr/dout[0]
W: Removed GTP_DFF inst rgb2dvi/encr/n0q_m[2] that is stuck at constant 0.
I: Removed GTP_DFF inst rgb2dvi/encr/q_m_reg[8] that is redundant to rgb2dvi/encr/n0q_m[3]
Executing : tech-mapping phase 1 successfully. Time elapsed: 0.079s wall, 0.078s user + 0.000s system = 0.078s CPU (99.1%)

Start tech-mapping phase 2.
Executing : tech-mapping phase 2 successfully. Time elapsed: 0.418s wall, 0.328s user + 0.094s system = 0.422s CPU (100.8%)

Start tech-optimization.
Executing : tech-optimization successfully. Time elapsed: 0.107s wall, 0.109s user + 0.000s system = 0.109s CPU (102.6%)

Start phys-optimization.
Executing : phys-optimization successfully. Time elapsed: 0.000s wall, 0.000s user + 0.000s system = 0.000s CPU (n/a%)

Start restore-hierarchy.
Executing : restore-hierarchy successfully. Time elapsed: 0.043s wall, 0.031s user + 0.000s system = 0.031s CPU (72.4%)


Cell Usage:
GTP_DFF                      41 uses
GTP_DFF_C                    56 uses
GTP_DFF_CE                  160 uses
GTP_DFF_E                    30 uses
GTP_DFF_P                     1 use
GTP_DFF_R                    29 uses
GTP_DFF_RE                    4 uses
GTP_DFF_S                     3 uses
GTP_GRS                       1 use
GTP_INV                       2 uses
GTP_LUT1                     12 uses
GTP_LUT2                     25 uses
GTP_LUT3                     52 uses
GTP_LUT4                     30 uses
GTP_LUT5                     56 uses
GTP_LUT5CARRY               220 uses
GTP_LUT5M                     6 uses
GTP_OSERDES                   8 uses
GTP_PLL_E1                    1 use

I/O ports: 11
GTP_INBUF                   3 uses
GTP_OUTBUFT                 8 uses

Mapping Summary:
Total LUTs: 401 of 17536 (2.29%)
	LUTs as dram: 0 of 4440 (0.00%)
	LUTs as logic: 401
Total Registers: 324 of 26304 (1.23%)
Total Latches: 0

DRM18K:
Total DRM18K = 0.0 of 48 (0.00%)

APMs:
Total APMs = 0.00 of 30 (0.00%)

Total I/O ports = 11 of 240 (4.58%)


Number of unique control sets : 23
  CLK(nt_clk)                                      : 2
  CLK(video_clock)                                 : 9
  CLK(video_clock5x)                               : 30
  CLK(nt_clk), CE(u_top_uart_cmd_resolve.u_m_decoder.N265)     : 6
  CLK(nt_clk), CE(u_top_uart_cmd_resolve.u_m_decoder.N258)     : 8
  CLK(nt_clk), CE(u_top_uart_cmd_resolve.u_m_decoder.N268)     : 8
  CLK(nt_clk), CE(u_top_uart_cmd_resolve.u_m_s2p.N10)    : 8
  CLK(nt_clk), CP(~nt_rst_n)                       : 9
      CLK(nt_clk), C(~nt_rst_n)                    : 8
      CLK(nt_clk), P(~nt_rst_n)                    : 1
  CLK(video_clock), C(~nt_rst_n)                   : 48
  CLK(nt_clk), C(~nt_rst_n), CE(u_top_uart_cmd_resolve.u_m_decoder.clen2cmd_start)     : 8
  CLK(nt_clk), C(~nt_rst_n), CE(u_top_uart_cmd_resolve.u_m_decoder.cmd2para_start)     : 8
  CLK(video_clock), C(~nt_rst_n), CE(u_video_pixel_counter.N71)      : 11
  CLK(video_clock), C(~nt_rst_n), CE(u_video_pixel_counter.N75)      : 11
  CLK(video_clock), C(~nt_rst_n), CE(u_color_bar.N22)    : 12
  CLK(video_clock), C(~nt_rst_n), CE(u_color_bar.N248)   : 12
  CLK(nt_clk), C(~nt_rst_n), CE(~u_top_uart_cmd_resolve.u_m_decoder.add_cnt)     : 22
  CLK(video_clock), C(~nt_rst_n), CE(u_video_zone_judge.N57)   : 22
  CLK(video_clock), C(~nt_rst_n), CE(u_video_zone_judge.N7)    : 22
  CLK(nt_clk), C(~nt_rst_n), CE(u_top_uart_cmd_resolve.u_m_decoder.add_cnt)      : 32
  CLK(nt_clk), R(u_top_uart_cmd_resolve.u_m_bps.N35)     : 10
  CLK(nt_clk), R(~nt_rst_n)                        : 11
  CLK(video_clock5x), RS(rgb2dvi.serdes_4b_10to1_m0.TMDS_mod5[2])          : 11
      CLK(video_clock5x), R(rgb2dvi.serdes_4b_10to1_m0.TMDS_mod5[2])       : 8
      CLK(video_clock5x), S(rgb2dvi.serdes_4b_10to1_m0.TMDS_mod5[2])       : 3
  CLK(nt_clk), R(u_top_uart_cmd_resolve.u_m_s2p.N95), CE(u_top_uart_cmd_resolve.w_bps_done)  : 4


Number of DFF:CE Signals : 15
  u_top_uart_cmd_resolve.w_bps_done(from GTP_DFF:Q)      : 4
  u_top_uart_cmd_resolve.u_m_decoder.N265(from GTP_LUT3:Z)     : 6
  u_top_uart_cmd_resolve.u_m_decoder.N258(from GTP_LUT3:Z)     : 8
  u_top_uart_cmd_resolve.u_m_decoder.N268(from GTP_LUT3:Z)     : 8
  u_top_uart_cmd_resolve.u_m_decoder.clen2cmd_start(from GTP_LUT2:Z)       : 8
  u_top_uart_cmd_resolve.u_m_decoder.cmd2para_start(from GTP_LUT2:Z)       : 8
  u_top_uart_cmd_resolve.u_m_s2p.N10(from GTP_LUT5:Z)    : 8
  u_video_pixel_counter.N71(from GTP_LUT3:Z)       : 11
  u_video_pixel_counter.N75(from GTP_LUT3:Z)       : 11
  u_color_bar.N22(from GTP_LUT5:Z)                 : 12
  u_color_bar.N248(from GTP_LUT5:Z)                : 12
  u_video_zone_judge.N57(from GTP_LUT3:Z)          : 22
  u_video_zone_judge.N7(from GTP_LUT3:Z)           : 22
  ~u_top_uart_cmd_resolve.u_m_decoder.add_cnt(from GTP_INV:Z)  : 22
  u_top_uart_cmd_resolve.u_m_decoder.add_cnt(from GTP_LUT2:Z)  : 32

Number of DFF:CLK Signals : 3
  video_clock5x(from GTP_PLL_E1:CLKOUT0)           : 41
  nt_clk(from GTP_INBUF:O)                         : 136
  video_clock(from GTP_PLL_E1:CLKOUT1)             : 147

Number of DFF:CP Signals : 1
  ~nt_rst_n(from GTP_INV:Z)                        : 217

Number of DFF:RS Signals : 4
  u_top_uart_cmd_resolve.u_m_s2p.N95(from GTP_LUT2:Z)    : 4
  u_top_uart_cmd_resolve.u_m_bps.N35(from GTP_LUT4:Z)    : 10
  rgb2dvi.serdes_4b_10to1_m0.TMDS_mod5[2](from GTP_DFF_R:Q)    : 11
  ~nt_rst_n(from GTP_INV:Z)                        : 11

Design 'top_video_zone_display' has been successfully synthesized to architecture-specific objects.
Saving design to DB.
Saving design to top_video_zone_display_syn.vm
Constructing timing graph ...
Timing graph has been constructed successfully
W: Timing-4087: Port 'tmds_clk_n' is not constrained, it is treated as combinational output.
W: Timing-4087: Port 'tmds_clk_p' is not constrained, it is treated as combinational output.
W: Timing-4087: Port 'tmds_data_n[0]' is not constrained, it is treated as combinational output.
W: Timing-4087: Port 'tmds_data_n[1]' is not constrained, it is treated as combinational output.
W: Timing-4087: Port 'tmds_data_n[2]' is not constrained, it is treated as combinational output.
W: Timing-4087: Port 'tmds_data_p[0]' is not constrained, it is treated as combinational output.
W: Timing-4087: Port 'tmds_data_p[1]' is not constrained, it is treated as combinational output.
W: Timing-4087: Port 'tmds_data_p[2]' is not constrained, it is treated as combinational output.
W: Timing-4086: Port 'rst_n' is not constrained, it is treated as combinational input.
W: Timing-4086: Port 'uart_rx' is not constrained, it is treated as combinational input.
Action synthesize: Real time elapsed is 7.000 sec
Action synthesize: CPU time elapsed is 5.859 sec
Current time: Mon Feb 27 22:32:15 2023
Action synthesize: Peak memory pool usage is 220,549,120 bytes
Process "Synthesize" done.


Process "Device Map" started.
Current time: Mon Feb 27 22:32:15 2023
Compiling architecture definition.
Analyzing project file 'D:/Projects/FPGA_match/jichuang/pango_school_match/project.pds'.
Compiling verification operator library.
Compiling common defs.
Loading technology operator library.
Compiling technology operator library.
Compiling technology operator (valence) library.
Compiling operator packing rules.
Compiling prim grid devices.
Compiling gate devices.
Compiling gate operators.
Compiling tech operator impls.
Building architecture model.
Loading device packaging model.
I: Parameter configuration file D:/Projects/FPGA_match/jichuang/pango_school_match/testparam.txt cannot open.
Reading design from translate DB.
NOTE: The technology fpga was specified.
NOTE: delay_model specified was generic_cmos.
NOTE: Using the fpga syntax tables...
Totals:
 Calls to malloc = 0
 Calls to calloc = 350860

Executing : get_ports clk
Executing : get_ports clk successfully.
Executing : get_pins u_video_clock_gen/u_pll_e1:CLKOUT1
Executing : get_pins u_video_clock_gen/u_pll_e1:CLKOUT1 successfully.
Executing : create_generated_clock -name top_video_zone_display|clk|u_video_clock_gen/u_pll_e1/CLKOUT1_Inferred -source [get_ports clk] [get_pins u_video_clock_gen/u_pll_e1:CLKOUT1] -master_clock top_video_zone_display|clk -edges {1 2 3} -edge_shift {0.000000 -163.461538 -326.923077} -add
Executing : create_generated_clock -name top_video_zone_display|clk|u_video_clock_gen/u_pll_e1/CLKOUT1_Inferred -source [get_ports clk] [get_pins u_video_clock_gen/u_pll_e1:CLKOUT1] -master_clock top_video_zone_display|clk -edges {1 2 3} -edge_shift {0.000000 -163.461538 -326.923077} -add successfully.
Executing : get_ports clk
Executing : get_ports clk successfully.
Executing : get_pins u_video_clock_gen/u_pll_e1:CLKOUT0
Executing : get_pins u_video_clock_gen/u_pll_e1:CLKOUT0 successfully.
Executing : create_generated_clock -name top_video_zone_display|clk|u_video_clock_gen/u_pll_e1/CLKOUT0_Inferred -source [get_ports clk] [get_pins u_video_clock_gen/u_pll_e1:CLKOUT0] -master_clock top_video_zone_display|clk -edges {1 2 3} -edge_shift {0.000000 -432.692308 -865.384615} -add
Executing : create_generated_clock -name top_video_zone_display|clk|u_video_clock_gen/u_pll_e1/CLKOUT0_Inferred -source [get_ports clk] [get_pins u_video_clock_gen/u_pll_e1:CLKOUT0] -master_clock top_video_zone_display|clk -edges {1 2 3} -edge_shift {0.000000 -432.692308 -865.384615} -add successfully.
Flattening design 'top_video_zone_display'
Device mapping started.
Optimizing circuit logic.
Checking design netlist.
Processing tech operator.
I: The instance clkbufg_0(GTP_CLKBUFG) has been inserted on the net video_clock5x in design, driver pin CLKOUT0(instance u_video_clock_gen/u_pll_e1) -> load pin CLK(instance rgb2dvi/serdes_4b_10to1_m0/TMDS_mod5[0]).
I: The instance clkbufg_1(GTP_CLKBUFG) has been inserted on the net nt_clk in design, driver pin O(instance clk_ibuf) -> load pin CLK(instance u_top_uart_cmd_resolve/u_m_bps/o_bps_done).
I: The instance clkbufg_2(GTP_CLKBUFG) has been inserted on the net video_clock in design, driver pin CLKOUT1(instance u_video_clock_gen/u_pll_e1) -> load pin CLK(instance rgb2dvi/encb/c0_q).
Converting tech operator to gate operator.
Processing gate operator.
Device mapping done.
Total device mapping takes 0.093750 sec.

Device Utilization Summary:
+-------------------------------------------------------------------------+
| Logic Utilization     | Used     | Available     | Utilization(%)     
+-------------------------------------------------------------------------+
| APM                   | 0        | 30            | 0                   
| IOCKDLY               | 0        | 24            | 0                   
| FF                    | 324      | 26304         | 2                   
| LUT                   | 401      | 17536         | 3                   
| Distributed RAM       | 0        | 4440          | 0                   
| DLL                   | 0        | 6             | 0                   
| DQSL                  | 0        | 18            | 0                   
| DRM                   | 0        | 48            | 0                   
| FUSECODE              | 0        | 1             | 0                   
| IO                    | 11       | 240           | 5                   
| IOCKDIV               | 0        | 12            | 0                   
| IOCKGATE              | 0        | 12            | 0                   
| IPAL                  | 0        | 1             | 0                   
| PLL                   | 1        | 6             | 17                  
| RCKB                  | 0        | 24            | 0                   
| SCANCHAIN             | 0        | 4             | 0                   
| START                 | 0        | 1             | 0                   
| USCM                  | 3        | 20            | 15                  
| HMEMC                 | 0        | 2             | 0                   
| OSC                   | 0        | 1             | 0                   
| ADC                   | 0        | 1             | 0                   
| CRYSTAL               | 0        | 6             | 0                   
| FLSIF                 | 0        | 1             | 0                   
| RESCAL                | 0        | 6             | 0                   
| UDID                  | 0        | 1             | 0                   
+-------------------------------------------------------------------------+

Design 'top_video_zone_display' has been successfully mapped to architecture-specific objects.
Saving design to DB.
W: Public-4010: Pcf file D:/Projects/FPGA_match/jichuang/pango_school_match/device_map/top_video_zone_display.pcf has been covered.
Action dev_map: Real time elapsed is 4.000 sec
Action dev_map: CPU time elapsed is 2.875 sec
Current time: Mon Feb 27 22:32:18 2023
Action dev_map: Peak memory pool usage is 194,191,360 bytes
Process "Device Map" done.


Process "Place & Route" started.
Current time: Mon Feb 27 22:32:18 2023
Compiling architecture definition.
Compiling verification operator library.
Compiling common defs.
Compiling prim grid devices.
Compiling gate devices.
Compiling gate operators.
Building architecture model.
Loading device packaging model.
I: Parameter configuration file D:/Projects/FPGA_match/jichuang/pango_school_match/testparam.txt cannot open.
Starting placement and routing flow. (CPU time elapsed 0h:00m:00s)
Reading design from devmap DB.
Building architecture floorplan logic view.
Executing : apply_constraint -f D:/Projects/FPGA_match/jichuang/pango_school_match/device_map/top_video_zone_display.pcf
Constraint check start.
Executing : def_port tmds_clk_n -LOC A16 -VCCIO 3.3 -IOSTANDARD LVTTL33 -DRIVE 12 -SLEW FAST -OPEN_DRAIN OFF -BUS_KEEPER NONE
Executing : def_port tmds_clk_n -LOC A16 -VCCIO 3.3 -IOSTANDARD LVTTL33 -DRIVE 12 -SLEW FAST -OPEN_DRAIN OFF -BUS_KEEPER NONE successfully.
Executing : def_port tmds_clk_p -LOC B16 -VCCIO 3.3 -IOSTANDARD LVTTL33 -DRIVE 12 -SLEW FAST -OPEN_DRAIN OFF -BUS_KEEPER NONE
Executing : def_port tmds_clk_p -LOC B16 -VCCIO 3.3 -IOSTANDARD LVTTL33 -DRIVE 12 -SLEW FAST -OPEN_DRAIN OFF -BUS_KEEPER NONE successfully.
Executing : def_port {tmds_data_n[0]} -LOC A14 -VCCIO 3.3 -IOSTANDARD LVTTL33 -DRIVE 12 -SLEW FAST -OPEN_DRAIN OFF -BUS_KEEPER NONE
Executing : def_port {tmds_data_n[0]} -LOC A14 -VCCIO 3.3 -IOSTANDARD LVTTL33 -DRIVE 12 -SLEW FAST -OPEN_DRAIN OFF -BUS_KEEPER NONE successfully.
Executing : def_port {tmds_data_n[1]} -LOC A11 -VCCIO 3.3 -IOSTANDARD LVTTL33 -DRIVE 12 -SLEW FAST -OPEN_DRAIN OFF -BUS_KEEPER NONE
C: ConstraintEditor-2002: [D:/Projects/FPGA_match/jichuang/pango_school_match/device_map/top_video_zone_display.pcf(line number: 6)] | Port tmds_data_n[1] has been placed at location A11, whose type is share pin.
Executing : def_port {tmds_data_n[1]} -LOC A11 -VCCIO 3.3 -IOSTANDARD LVTTL33 -DRIVE 12 -SLEW FAST -OPEN_DRAIN OFF -BUS_KEEPER NONE successfully.
Executing : def_port {tmds_data_n[2]} -LOC A10 -VCCIO 3.3 -IOSTANDARD LVTTL33 -DRIVE 12 -SLEW FAST -OPEN_DRAIN OFF -BUS_KEEPER NONE
C: ConstraintEditor-2002: [D:/Projects/FPGA_match/jichuang/pango_school_match/device_map/top_video_zone_display.pcf(line number: 7)] | Port tmds_data_n[2] has been placed at location A10, whose type is share pin.
Executing : def_port {tmds_data_n[2]} -LOC A10 -VCCIO 3.3 -IOSTANDARD LVTTL33 -DRIVE 12 -SLEW FAST -OPEN_DRAIN OFF -BUS_KEEPER NONE successfully.
Executing : def_port {tmds_data_p[0]} -LOC B14 -VCCIO 3.3 -IOSTANDARD LVTTL33 -DRIVE 12 -SLEW FAST -OPEN_DRAIN OFF -BUS_KEEPER NONE
Executing : def_port {tmds_data_p[0]} -LOC B14 -VCCIO 3.3 -IOSTANDARD LVTTL33 -DRIVE 12 -SLEW FAST -OPEN_DRAIN OFF -BUS_KEEPER NONE successfully.
Executing : def_port {tmds_data_p[1]} -LOC B11 -VCCIO 3.3 -IOSTANDARD LVTTL33 -DRIVE 12 -SLEW FAST -OPEN_DRAIN OFF -BUS_KEEPER NONE
C: ConstraintEditor-2002: [D:/Projects/FPGA_match/jichuang/pango_school_match/device_map/top_video_zone_display.pcf(line number: 9)] | Port tmds_data_p[1] has been placed at location B11, whose type is share pin.
Executing : def_port {tmds_data_p[1]} -LOC B11 -VCCIO 3.3 -IOSTANDARD LVTTL33 -DRIVE 12 -SLEW FAST -OPEN_DRAIN OFF -BUS_KEEPER NONE successfully.
Executing : def_port {tmds_data_p[2]} -LOC B10 -VCCIO 3.3 -IOSTANDARD LVTTL33 -DRIVE 12 -SLEW FAST -OPEN_DRAIN OFF -BUS_KEEPER NONE
C: ConstraintEditor-2002: [D:/Projects/FPGA_match/jichuang/pango_school_match/device_map/top_video_zone_display.pcf(line number: 10)] | Port tmds_data_p[2] has been placed at location B10, whose type is share pin.
Executing : def_port {tmds_data_p[2]} -LOC B10 -VCCIO 3.3 -IOSTANDARD LVTTL33 -DRIVE 12 -SLEW FAST -OPEN_DRAIN OFF -BUS_KEEPER NONE successfully.
Executing : def_port clk -LOC B5 -VCCIO 3.3 -IOSTANDARD LVCMOS33 -HYS_DRIVE_MODE NOHYS -BUS_KEEPER PULLUP
Executing : def_port clk -LOC B5 -VCCIO 3.3 -IOSTANDARD LVCMOS33 -HYS_DRIVE_MODE NOHYS -BUS_KEEPER PULLUP successfully.
Executing : def_port rst_n -LOC U12 -VCCIO 3.3 -IOSTANDARD LVCMOS33 -HYS_DRIVE_MODE NOHYS -BUS_KEEPER PULLUP
Executing : def_port rst_n -LOC U12 -VCCIO 3.3 -IOSTANDARD LVCMOS33 -HYS_DRIVE_MODE NOHYS -BUS_KEEPER PULLUP successfully.
Executing : def_port uart_rx -LOC J14 -VCCIO 3.3 -IOSTANDARD LVCMOS33
Executing : def_port uart_rx -LOC J14 -VCCIO 3.3 -IOSTANDARD LVCMOS33 successfully.
Constraint check end.
Executing : apply_constraint -f D:/Projects/FPGA_match/jichuang/pango_school_match/device_map/top_video_zone_display.pcf successfully.
NOTE: The technology fpga was specified.
NOTE: delay_model specified was generic_cmos.
NOTE: Using the fpga syntax tables...
Totals:
 Calls to malloc = 0
 Calls to calloc = 652190


Placement started.
Pre global placement started.
Mapping instance u_video_clock_gen/u_pll_e1/goppll to PLL_82_319.
Mapping instance clkbufg_2/gopclkbufg to USCM_74_104.
Mapping instance clkbufg_1/gopclkbufg to USCM_74_105.
Mapping instance clkbufg_0/gopclkbufg to USCM_74_106.
Pre global placement takes 1.08 sec.

Global placement started.
Run super clustering :
	Initial slack 131379.
	2 iterations finished.
	Final slack 132368.
Super clustering done.
Design Utilization : 3%.
Wirelength after global placement is 2215.
Global placement takes 0.17 sec.

Post global placement started.
Placed fixed group with base inst clk_ibuf/opit_1 on IOL_7_298.
Placed fixed group with base inst rgb2dvi/serdes_4b_10to1_m0/gtp_outbuft0/opit_1_IOL on IOL_151_298.
Placed fixed group with base inst rgb2dvi/serdes_4b_10to1_m0/gtp_outbuft1/opit_1_IOL on IOL_151_350.
Placed fixed group with base inst rgb2dvi/serdes_4b_10to1_m0/gtp_outbuft2/opit_1_IOL on IOL_151_338.
Placed fixed group with base inst rgb2dvi/serdes_4b_10to1_m0/gtp_outbuft3/opit_1_IOL on IOL_151_322.
Placed fixed group with base inst rgb2dvi/serdes_4b_10to1_m0/gtp_outbuft4/opit_1_IOL on IOL_151_297.
Placed fixed group with base inst rgb2dvi/serdes_4b_10to1_m0/gtp_outbuft5/opit_1_IOL on IOL_151_349.
Placed fixed group with base inst rgb2dvi/serdes_4b_10to1_m0/gtp_outbuft6/opit_1_IOL on IOL_151_337.
Placed fixed group with base inst rgb2dvi/serdes_4b_10to1_m0/gtp_outbuft7/opit_1_IOL on IOL_151_321.
Placed fixed group with base inst rst_n_ibuf/opit_1 on IOL_151_106.
Placed fixed group with base inst uart_rx_ibuf/opit_1 on IOL_151_209.
Placed fixed instance clkbufg_0/gopclkbufg on USCM_74_106.
Placed fixed instance clkbufg_1/gopclkbufg on USCM_74_105.
Placed fixed instance clkbufg_2/gopclkbufg on USCM_74_104.
Placed fixed instance u_video_clock_gen/u_pll_e1/goppll on PLL_82_319.
Placed fixed instance BKCL_auto_0 on BKCL_2_268.
Placed fixed instance BKCL_auto_1 on BKCL_154_268.
Placed fixed instance BKCL_auto_2 on BKCL_154_144.
Placed fixed instance BKCL_auto_3 on BKCL_154_20.
IO placement started.
IO placement takes 0.02 sec.

Macro cell placement started.
Wirelength after Macro cell placement is 2215.
Macro cell placement takes 0.00 sec.

Run super clustering :
	Initial slack 131379.
	2 iterations finished.
	Final slack 132368.
Super clustering done.
Design Utilization : 3%.
Wirelength after post global placement is 2215.
Post global placement takes 0.20 sec.

Legalization started.
Wirelength after legalization is 2567.
Legalization takes 0.05 sec.

Timing-driven detailed placement started.
replication start
Worst slack before Replication Place is 133061.
Wirelength after replication placement is 2567.
Legalized cost 133061.000000.
Cost at iteration 0 : 133061.000000, wslk 133061.
Cost at iteration 1 : 133181.000000, wslk 133104.
Cost at iteration 2 : 133104.000000, wslk 133181.
Cost at iteration 3 : 133181.000000, wslk 133104.
Cost at iteration 4 : 133104.000000, wslk 133181.
Cost at iteration 5 : 133181.000000, wslk 133104.
Cost at iteration 6 : 133104.000000, wslk 133181.
Cost at iteration 7 : 133181.000000, wslk 133104.
Cost at iteration 8 : 133104.000000, wslk 133181.
Cost at iteration 9 : 133181.000000, wslk 133104.
Cost at iteration 10 : 133104.000000, wslk 133181.
The detailed placement ends at 11th iteration.
Wirelength after detailed placement is 2577.
Timing-driven detailed placement takes 0.33 sec.

Worst slack is 133185, TNS after placement is 0.
Placement done.
Total placement takes 1.94 sec.
Finished placement. (CPU time elapsed 0h:00m:02s)

Routing started.
Building routing graph takes 0.70 sec.
Worst slack is 133185, TNS before global route is 0.
Processing design graph takes 0.13 sec.
Total memory for routing:
	47.117718 M.
Total nets for routing : 642.
Rcf routing step 1 processed 0 nets, it takes 0.00 sec.
Rcf routing step 2 processed 0 nets, it takes 0.00 sec.
Rcf routing step 3 processed 0 nets, it takes 0.00 sec.
Global Routing step 1 processed 0 nets, it takes 0.00 sec.
Global Routing step 2 processed 0 nets, it takes 0.00 sec.
Unrouted nets 2 at the end of iteration 0.
Unrouted nets 2 at the end of iteration 1.
Unrouted nets 0 at the end of iteration 2.
Global Routing step 3 processed 7 nets, it takes 0.02 sec.
Global routing takes 0.03 sec.
Total 671 subnets.
    forward max bucket size 79 , backward 22.
        Unrouted nets 446 at the end of iteration 0.
    route iteration 0, CPU time elapsed 0.078125 sec.
    forward max bucket size 78 , backward 42.
        Unrouted nets 333 at the end of iteration 1.
    route iteration 1, CPU time elapsed 0.046875 sec.
    forward max bucket size 55 , backward 34.
        Unrouted nets 262 at the end of iteration 2.
    route iteration 2, CPU time elapsed 0.031250 sec.
    forward max bucket size 29 , backward 34.
        Unrouted nets 191 at the end of iteration 3.
    route iteration 3, CPU time elapsed 0.031250 sec.
    forward max bucket size 25 , backward 25.
        Unrouted nets 124 at the end of iteration 4.
    route iteration 4, CPU time elapsed 0.015625 sec.
    forward max bucket size 20 , backward 24.
        Unrouted nets 84 at the end of iteration 5.
    route iteration 5, CPU time elapsed 0.015625 sec.
    forward max bucket size 20 , backward 27.
        Unrouted nets 47 at the end of iteration 6.
    route iteration 6, CPU time elapsed 0.000000 sec.
    forward max bucket size 17 , backward 22.
        Unrouted nets 33 at the end of iteration 7.
    route iteration 7, CPU time elapsed 0.015625 sec.
    forward max bucket size 16 , backward 20.
        Unrouted nets 22 at the end of iteration 8.
    route iteration 8, CPU time elapsed 0.000000 sec.
    forward max bucket size 16 , backward 29.
        Unrouted nets 24 at the end of iteration 9.
    route iteration 9, CPU time elapsed 0.000000 sec.
    forward max bucket size 13 , backward 26.
        Unrouted nets 12 at the end of iteration 10.
    route iteration 10, CPU time elapsed 0.015625 sec.
    forward max bucket size 15 , backward 23.
        Unrouted nets 8 at the end of iteration 11.
    route iteration 11, CPU time elapsed 0.000000 sec.
    forward max bucket size 15 , backward 9.
        Unrouted nets 2 at the end of iteration 12.
    route iteration 12, CPU time elapsed 0.000000 sec.
    forward max bucket size 12 , backward 13.
        Unrouted nets 0 at the end of iteration 13.
    route iteration 13, CPU time elapsed 0.000000 sec.
Detailed routing takes 0.27 sec.
Start fix hold violation.
Build tmp routing results takes 0.00 sec.
Timing analysis takes 0.05 sec.
Hold violation fix iter 0 takes 0.00 sec, total_step_forward 727.
Incremental timing analysis takes 0.05 sec.
Hold violation fix iter 1 takes 0.00 sec, total_step_forward 0.
Fix hold violation Finished.
Hold Violation Fix in router takes 0.22 sec.

Dispose routing result:
    Collect routing result.
    Delete unused device instances.
    Annotate routing result.
    Change LUT configuration.
    Dispose misc instances.
    Annotate routing result again.
Finish routing takes 0.08 sec.
Used srb routing arc is 5029.
Cleanup routing takes 0.02 sec.
Routing done.
Total routing takes 1.69 sec.


Device Utilization Summary :
+----------------------------------------------------------------------------+
| Logic Utilization        | Used     | Available     | Utilization(%)     
+----------------------------------------------------------------------------+
| Use of ADC               | 0        | 1             | 0                   
| Use of APM               | 0        | 30            | 0                   
| Use of BKCL              | 4        | 6             | 67                  
| Use of CLMA              | 129      | 3274          | 4                   
|   FF                     | 259      | 19644         | 2                   
|   LUT                    | 298      | 13096         | 3                   
|   LUT-FF pairs           | 61       | 13096         | 1                   
| Use of CLMS              | 45       | 1110          | 5                   
|   FF                     | 65       | 6660          | 1                   
|   LUT                    | 124      | 4440          | 3                   
|   LUT-FF pairs           | 30       | 4440          | 1                   
|   Distributed RAM        | 0        | 4440          | 0                   
| Use of CRYSTAL           | 0        | 6             | 0                   
| Use of DLL               | 0        | 6             | 0                   
| Use of DQSL              | 0        | 18            | 0                   
| Use of DRM               | 0        | 48            | 0                   
| Use of FLSIF             | 0        | 1             | 0                   
| Use of FUSECODE          | 0        | 1             | 0                   
| Use of HARD0N1           | 0        | 2745          | 0                   
| Use of HMEMC             | 0        | 2             | 0                   
| Use of IO                | 11       | 240           | 5                   
|   IOBD                   | 6        | 120           | 5                   
|   IOBR                   | 1        | 6             | 17                  
|   IOBS                   | 4        | 114           | 4                   
| Use of IOCKDIV           | 0        | 12            | 0                   
| Use of IOCKDLY           | 0        | 24            | 0                   
| Use of IOCKGATE          | 0        | 12            | 0                   
| Use of IOCKGMUX_TEST     | 0        | 12            | 0                   
| Use of IOL               | 11       | 240           | 5                   
| Use of IPAL              | 0        | 1             | 0                   
| Use of MFG_TEST          | 0        | 1             | 0                   
| Use of OSC               | 0        | 1             | 0                   
| Use of PLL               | 1        | 6             | 17                  
| Use of PREGMUX_TEST      | 0        | 6             | 0                   
| Use of RCKB              | 0        | 24            | 0                   
| Use of RCKBMUX_TEST      | 0        | 12            | 0                   
| Use of RESCAL            | 0        | 6             | 0                   
| Use of SCANCHAIN         | 0        | 4             | 0                   
| Use of START             | 1        | 1             | 100                 
| Use of UDID              | 0        | 1             | 0                   
| Use of USCM              | 3        | 20            | 15                  
| Use of USCMMUX_TEST      | 0        | 20            | 0                   
| Use of VCKBMUX_TEST      | 0        | 12            | 0                   
+----------------------------------------------------------------------------+

Finished routing. (CPU time elapsed 0h:00m:04s)
Design 'top_video_zone_display' has been placed and routed successfully.
Saving design to DB.
Action pnr: Real time elapsed is 9.000 sec
Action pnr: CPU time elapsed is 7.250 sec
Current time: Mon Feb 27 22:32:26 2023
Action pnr: Peak memory pool usage is 415,920,128 bytes
Finished placement and routing. (CPU time elapsed 0h:00m:04s)
Process "Place & Route" done.


Process "Report Timing" started.
Current time: Mon Feb 27 22:32:26 2023
Compiling architecture definition.
Compiling verification operator library.
Compiling common defs.
Compiling prim grid devices.
Compiling gate devices.
Compiling gate operators.
Building architecture model.
Loading device packaging model.
Reading design from pnr DB.
Start Report Post-PnR timing.
NOTE: The technology fpga was specified.
NOTE: delay_model specified was generic_cmos.
NOTE: Using the fpga syntax tables...
Totals:
 Calls to malloc = 0
 Calls to calloc = 652190

Constructing timing graph ...
Timing graph has been constructed successfully
W: Timing-4087: Port 'tmds_clk_n' is not constrained, it is treated as combinational output.
W: Timing-4087: Port 'tmds_clk_p' is not constrained, it is treated as combinational output.
W: Timing-4087: Port 'tmds_data_n[0]' is not constrained, it is treated as combinational output.
W: Timing-4087: Port 'tmds_data_n[1]' is not constrained, it is treated as combinational output.
W: Timing-4087: Port 'tmds_data_n[2]' is not constrained, it is treated as combinational output.
W: Timing-4087: Port 'tmds_data_p[0]' is not constrained, it is treated as combinational output.
W: Timing-4087: Port 'tmds_data_p[1]' is not constrained, it is treated as combinational output.
W: Timing-4087: Port 'tmds_data_p[2]' is not constrained, it is treated as combinational output.
W: Timing-4086: Port 'rst_n' is not constrained, it is treated as combinational input.
W: Timing-4086: Port 'uart_rx' is not constrained, it is treated as combinational input.
Action report_timing: Real time elapsed is 5.000 sec
Action report_timing: CPU time elapsed is 4.109 sec
Current time: Mon Feb 27 22:32:30 2023
Action report_timing: Peak memory pool usage is 379,396,096 bytes
Report timing is finished successfully.
Process "Report Timing" done.


Process "Generate Bitstream" started.
Current time: Mon Feb 27 22:32:31 2023
Compiling architecture definition.
Compiling verification operator library.
Compiling common defs.
Compiling prim grid devices.
Compiling gate devices.
Compiling gate operators.
Building architecture model.
Loading device packaging model.
Reading design from DB.
Start Generating Programming File...
Reading design from DB takes 0.156250 sec.
Generating architecture configuration.
The bitstream file is "D:/Projects/FPGA_match/jichuang/pango_school_match/generate_bitstream/top_video_zone_display.sbit"
Generate programming file takes 2.718750 sec.
Generating Programming File done.
Action gen_bit_stream: Real time elapsed is 7.000 sec
Action gen_bit_stream: CPU time elapsed is 5.578 sec
Current time: Mon Feb 27 22:32:37 2023
Action gen_bit_stream: Peak memory pool usage is 314,265,600 bytes
Process "Generate Bitstream" done.
Process exit normally.
