#Build: Fabric Compiler 2021.1-SP7.3, Build 94852, May 25 15:09 2022
#Install: D:\Softwares\PDS_2021.1-SP7.3-ads\bin
#Application name: pds_shell.exe
#OS: Windows 10 10.0.19044
#Hostname: thesame
Generated by Fabric Compiler (version 2021.1-SP7.3 build 94852) at Mon Feb 27 22:32:31 2023
Compiling verification operator library.
Compiling common defs.
Compiling prim grid devices.
Compiling gate devices.
Compiling gate operators.
Building architecture model.
Loading device packaging model.
Reading design from DB.
Start Generating Programming File...
Reading design from DB takes 0.156250 sec.
Generating architecture configuration.
The bitstream file is "D:/Projects/FPGA_match/jichuang/pango_school_match/generate_bitstream/top_video_zone_display.sbit"
Generate programming file takes 2.718750 sec.
Generating Programming File done.
Action gen_bit_stream: Real time elapsed is 7.000 sec
Action gen_bit_stream: CPU time elapsed is 5.578 sec
Current time: Mon Feb 27 22:32:37 2023
Action gen_bit_stream: Peak memory pool usage is 314,265,600 bytes
