#Build: Fabric Compiler 2021.1-SP7.3, Build 94852, May 25 15:09 2022
#Install: D:\Softwares\PDS_2021.1-SP7.3-ads\bin
#Application name: pds_shell.exe
#OS: Windows 10 10.0.19044
#Hostname: thesame
Generated by Fabric Compiler (version 2021.1-SP7.3 build 94852) at Mon Feb 27 22:32:19 2023
Compiling verification operator library.
Compiling common defs.
Compiling prim grid devices.
Compiling gate devices.
Compiling gate operators.
Building architecture model.
Loading device packaging model.
I: Parameter configuration file D:/Projects/FPGA_match/jichuang/pango_school_match/testparam.txt cannot open.
Starting placement and routing flow. (CPU time elapsed 0h:00m:00s)
Reading design from devmap DB.
Building architecture floorplan logic view.
Executing : apply_constraint -f D:/Projects/FPGA_match/jichuang/pango_school_match/device_map/top_video_zone_display.pcf
Constraint check start.
Executing : def_port tmds_clk_n -LOC A16 -VCCIO 3.3 -IOSTANDARD LVTTL33 -DRIVE 12 -SLEW FAST -OPEN_DRAIN OFF -BUS_KEEPER NONE
Executing : def_port tmds_clk_n -LOC A16 -VCCIO 3.3 -IOSTANDARD LVTTL33 -DRIVE 12 -SLEW FAST -OPEN_DRAIN OFF -BUS_KEEPER NONE successfully.
Executing : def_port tmds_clk_p -LOC B16 -VCCIO 3.3 -IOSTANDARD LVTTL33 -DRIVE 12 -SLEW FAST -OPEN_DRAIN OFF -BUS_KEEPER NONE
Executing : def_port tmds_clk_p -LOC B16 -VCCIO 3.3 -IOSTANDARD LVTTL33 -DRIVE 12 -SLEW FAST -OPEN_DRAIN OFF -BUS_KEEPER NONE successfully.
Executing : def_port {tmds_data_n[0]} -LOC A14 -VCCIO 3.3 -IOSTANDARD LVTTL33 -DRIVE 12 -SLEW FAST -OPEN_DRAIN OFF -BUS_KEEPER NONE
Executing : def_port {tmds_data_n[0]} -LOC A14 -VCCIO 3.3 -IOSTANDARD LVTTL33 -DRIVE 12 -SLEW FAST -OPEN_DRAIN OFF -BUS_KEEPER NONE successfully.
Executing : def_port {tmds_data_n[1]} -LOC A11 -VCCIO 3.3 -IOSTANDARD LVTTL33 -DRIVE 12 -SLEW FAST -OPEN_DRAIN OFF -BUS_KEEPER NONE
C: ConstraintEditor-2002: [D:/Projects/FPGA_match/jichuang/pango_school_match/device_map/top_video_zone_display.pcf(line number: 6)] | Port tmds_data_n[1] has been placed at location A11, whose type is share pin.
Executing : def_port {tmds_data_n[1]} -LOC A11 -VCCIO 3.3 -IOSTANDARD LVTTL33 -DRIVE 12 -SLEW FAST -OPEN_DRAIN OFF -BUS_KEEPER NONE successfully.
Executing : def_port {tmds_data_n[2]} -LOC A10 -VCCIO 3.3 -IOSTANDARD LVTTL33 -DRIVE 12 -SLEW FAST -OPEN_DRAIN OFF -BUS_KEEPER NONE
C: ConstraintEditor-2002: [D:/Projects/FPGA_match/jichuang/pango_school_match/device_map/top_video_zone_display.pcf(line number: 7)] | Port tmds_data_n[2] has been placed at location A10, whose type is share pin.
Executing : def_port {tmds_data_n[2]} -LOC A10 -VCCIO 3.3 -IOSTANDARD LVTTL33 -DRIVE 12 -SLEW FAST -OPEN_DRAIN OFF -BUS_KEEPER NONE successfully.
Executing : def_port {tmds_data_p[0]} -LOC B14 -VCCIO 3.3 -IOSTANDARD LVTTL33 -DRIVE 12 -SLEW FAST -OPEN_DRAIN OFF -BUS_KEEPER NONE
Executing : def_port {tmds_data_p[0]} -LOC B14 -VCCIO 3.3 -IOSTANDARD LVTTL33 -DRIVE 12 -SLEW FAST -OPEN_DRAIN OFF -BUS_KEEPER NONE successfully.
Executing : def_port {tmds_data_p[1]} -LOC B11 -VCCIO 3.3 -IOSTANDARD LVTTL33 -DRIVE 12 -SLEW FAST -OPEN_DRAIN OFF -BUS_KEEPER NONE
C: ConstraintEditor-2002: [D:/Projects/FPGA_match/jichuang/pango_school_match/device_map/top_video_zone_display.pcf(line number: 9)] | Port tmds_data_p[1] has been placed at location B11, whose type is share pin.
Executing : def_port {tmds_data_p[1]} -LOC B11 -VCCIO 3.3 -IOSTANDARD LVTTL33 -DRIVE 12 -SLEW FAST -OPEN_DRAIN OFF -BUS_KEEPER NONE successfully.
Executing : def_port {tmds_data_p[2]} -LOC B10 -VCCIO 3.3 -IOSTANDARD LVTTL33 -DRIVE 12 -SLEW FAST -OPEN_DRAIN OFF -BUS_KEEPER NONE
C: ConstraintEditor-2002: [D:/Projects/FPGA_match/jichuang/pango_school_match/device_map/top_video_zone_display.pcf(line number: 10)] | Port tmds_data_p[2] has been placed at location B10, whose type is share pin.
Executing : def_port {tmds_data_p[2]} -LOC B10 -VCCIO 3.3 -IOSTANDARD LVTTL33 -DRIVE 12 -SLEW FAST -OPEN_DRAIN OFF -BUS_KEEPER NONE successfully.
Executing : def_port clk -LOC B5 -VCCIO 3.3 -IOSTANDARD LVCMOS33 -HYS_DRIVE_MODE NOHYS -BUS_KEEPER PULLUP
Executing : def_port clk -LOC B5 -VCCIO 3.3 -IOSTANDARD LVCMOS33 -HYS_DRIVE_MODE NOHYS -BUS_KEEPER PULLUP successfully.
Executing : def_port rst_n -LOC U12 -VCCIO 3.3 -IOSTANDARD LVCMOS33 -HYS_DRIVE_MODE NOHYS -BUS_KEEPER PULLUP
Executing : def_port rst_n -LOC U12 -VCCIO 3.3 -IOSTANDARD LVCMOS33 -HYS_DRIVE_MODE NOHYS -BUS_KEEPER PULLUP successfully.
Executing : def_port uart_rx -LOC J14 -VCCIO 3.3 -IOSTANDARD LVCMOS33
Executing : def_port uart_rx -LOC J14 -VCCIO 3.3 -IOSTANDARD LVCMOS33 successfully.
Constraint check end.
Executing : apply_constraint -f D:/Projects/FPGA_match/jichuang/pango_school_match/device_map/top_video_zone_display.pcf successfully.

Placement started.
Pre global placement started.
Mapping instance u_video_clock_gen/u_pll_e1/goppll to PLL_82_319.
Mapping instance clkbufg_2/gopclkbufg to USCM_74_104.
Mapping instance clkbufg_1/gopclkbufg to USCM_74_105.
Mapping instance clkbufg_0/gopclkbufg to USCM_74_106.
Pre global placement takes 1.08 sec.

Global placement started.
Run super clustering :
	Initial slack 131379.
	2 iterations finished.
	Final slack 132368.
Super clustering done.
Design Utilization : 3%.
Wirelength after global placement is 2215.
Global placement takes 0.17 sec.

Post global placement started.
Placed fixed group with base inst clk_ibuf/opit_1 on IOL_7_298.
Placed fixed group with base inst rgb2dvi/serdes_4b_10to1_m0/gtp_outbuft0/opit_1_IOL on IOL_151_298.
Placed fixed group with base inst rgb2dvi/serdes_4b_10to1_m0/gtp_outbuft1/opit_1_IOL on IOL_151_350.
Placed fixed group with base inst rgb2dvi/serdes_4b_10to1_m0/gtp_outbuft2/opit_1_IOL on IOL_151_338.
Placed fixed group with base inst rgb2dvi/serdes_4b_10to1_m0/gtp_outbuft3/opit_1_IOL on IOL_151_322.
Placed fixed group with base inst rgb2dvi/serdes_4b_10to1_m0/gtp_outbuft4/opit_1_IOL on IOL_151_297.
Placed fixed group with base inst rgb2dvi/serdes_4b_10to1_m0/gtp_outbuft5/opit_1_IOL on IOL_151_349.
Placed fixed group with base inst rgb2dvi/serdes_4b_10to1_m0/gtp_outbuft6/opit_1_IOL on IOL_151_337.
Placed fixed group with base inst rgb2dvi/serdes_4b_10to1_m0/gtp_outbuft7/opit_1_IOL on IOL_151_321.
Placed fixed group with base inst rst_n_ibuf/opit_1 on IOL_151_106.
Placed fixed group with base inst uart_rx_ibuf/opit_1 on IOL_151_209.
Placed fixed instance clkbufg_0/gopclkbufg on USCM_74_106.
Placed fixed instance clkbufg_1/gopclkbufg on USCM_74_105.
Placed fixed instance clkbufg_2/gopclkbufg on USCM_74_104.
Placed fixed instance u_video_clock_gen/u_pll_e1/goppll on PLL_82_319.
Placed fixed instance BKCL_auto_0 on BKCL_2_268.
Placed fixed instance BKCL_auto_1 on BKCL_154_268.
Placed fixed instance BKCL_auto_2 on BKCL_154_144.
Placed fixed instance BKCL_auto_3 on BKCL_154_20.
IO placement started.
IO placement takes 0.02 sec.

Macro cell placement started.
Wirelength after Macro cell placement is 2215.
Macro cell placement takes 0.00 sec.

Run super clustering :
	Initial slack 131379.
	2 iterations finished.
	Final slack 132368.
Super clustering done.
Design Utilization : 3%.
Wirelength after post global placement is 2215.
Post global placement takes 0.20 sec.

Legalization started.
Wirelength after legalization is 2567.
Legalization takes 0.05 sec.

Timing-driven detailed placement started.
replication start
Worst slack before Replication Place is 133061.
Wirelength after replication placement is 2567.
Legalized cost 133061.000000.
Cost at iteration 0 : 133061.000000, wslk 133061.
Cost at iteration 1 : 133181.000000, wslk 133104.
Cost at iteration 2 : 133104.000000, wslk 133181.
Cost at iteration 3 : 133181.000000, wslk 133104.
Cost at iteration 4 : 133104.000000, wslk 133181.
Cost at iteration 5 : 133181.000000, wslk 133104.
Cost at iteration 6 : 133104.000000, wslk 133181.
Cost at iteration 7 : 133181.000000, wslk 133104.
Cost at iteration 8 : 133104.000000, wslk 133181.
Cost at iteration 9 : 133181.000000, wslk 133104.
Cost at iteration 10 : 133104.000000, wslk 133181.
The detailed placement ends at 11th iteration.
Wirelength after detailed placement is 2577.
Timing-driven detailed placement takes 0.33 sec.

Worst slack is 133185, TNS after placement is 0.
Placement done.
Total placement takes 1.94 sec.
Finished placement. (CPU time elapsed 0h:00m:02s)

Routing started.
Building routing graph takes 0.70 sec.
Worst slack is 133185, TNS before global route is 0.
Processing design graph takes 0.13 sec.
Total memory for routing:
	47.117718 M.
Total nets for routing : 642.
Rcf routing step 1 processed 0 nets, it takes 0.00 sec.
Rcf routing step 2 processed 0 nets, it takes 0.00 sec.
Rcf routing step 3 processed 0 nets, it takes 0.00 sec.
Global Routing step 1 processed 0 nets, it takes 0.00 sec.
Global Routing step 2 processed 0 nets, it takes 0.00 sec.
Unrouted nets 2 at the end of iteration 0.
Unrouted nets 2 at the end of iteration 1.
Unrouted nets 0 at the end of iteration 2.
Global Routing step 3 processed 7 nets, it takes 0.02 sec.
Global routing takes 0.03 sec.
Total 671 subnets.
    forward max bucket size 79 , backward 22.
        Unrouted nets 446 at the end of iteration 0.
    route iteration 0, CPU time elapsed 0.078125 sec.
    forward max bucket size 78 , backward 42.
        Unrouted nets 333 at the end of iteration 1.
    route iteration 1, CPU time elapsed 0.046875 sec.
    forward max bucket size 55 , backward 34.
        Unrouted nets 262 at the end of iteration 2.
    route iteration 2, CPU time elapsed 0.031250 sec.
    forward max bucket size 29 , backward 34.
        Unrouted nets 191 at the end of iteration 3.
    route iteration 3, CPU time elapsed 0.031250 sec.
    forward max bucket size 25 , backward 25.
        Unrouted nets 124 at the end of iteration 4.
    route iteration 4, CPU time elapsed 0.015625 sec.
    forward max bucket size 20 , backward 24.
        Unrouted nets 84 at the end of iteration 5.
    route iteration 5, CPU time elapsed 0.015625 sec.
    forward max bucket size 20 , backward 27.
        Unrouted nets 47 at the end of iteration 6.
    route iteration 6, CPU time elapsed 0.000000 sec.
    forward max bucket size 17 , backward 22.
        Unrouted nets 33 at the end of iteration 7.
    route iteration 7, CPU time elapsed 0.015625 sec.
    forward max bucket size 16 , backward 20.
        Unrouted nets 22 at the end of iteration 8.
    route iteration 8, CPU time elapsed 0.000000 sec.
    forward max bucket size 16 , backward 29.
        Unrouted nets 24 at the end of iteration 9.
    route iteration 9, CPU time elapsed 0.000000 sec.
    forward max bucket size 13 , backward 26.
        Unrouted nets 12 at the end of iteration 10.
    route iteration 10, CPU time elapsed 0.015625 sec.
    forward max bucket size 15 , backward 23.
        Unrouted nets 8 at the end of iteration 11.
    route iteration 11, CPU time elapsed 0.000000 sec.
    forward max bucket size 15 , backward 9.
        Unrouted nets 2 at the end of iteration 12.
    route iteration 12, CPU time elapsed 0.000000 sec.
    forward max bucket size 12 , backward 13.
        Unrouted nets 0 at the end of iteration 13.
    route iteration 13, CPU time elapsed 0.000000 sec.
Detailed routing takes 0.27 sec.
Start fix hold violation.
Build tmp routing results takes 0.00 sec.
Timing analysis takes 0.05 sec.
Hold violation fix iter 0 takes 0.00 sec, total_step_forward 727.
Incremental timing analysis takes 0.05 sec.
Hold violation fix iter 1 takes 0.00 sec, total_step_forward 0.
Fix hold violation Finished.
Hold Violation Fix in router takes 0.22 sec.

Dispose routing result:
    Collect routing result.
    Delete unused device instances.
    Annotate routing result.
    Change LUT configuration.
    Dispose misc instances.
    Annotate routing result again.
Finish routing takes 0.08 sec.
Used srb routing arc is 5029.
Cleanup routing takes 0.02 sec.
Routing done.
Total routing takes 1.69 sec.


Device Utilization Summary :
+----------------------------------------------------------------------------+
| Logic Utilization        | Used     | Available     | Utilization(%)     
+----------------------------------------------------------------------------+
| Use of ADC               | 0        | 1             | 0                   
| Use of APM               | 0        | 30            | 0                   
| Use of BKCL              | 4        | 6             | 67                  
| Use of CLMA              | 129      | 3274          | 4                   
|   FF                     | 259      | 19644         | 2                   
|   LUT                    | 298      | 13096         | 3                   
|   LUT-FF pairs           | 61       | 13096         | 1                   
| Use of CLMS              | 45       | 1110          | 5                   
|   FF                     | 65       | 6660          | 1                   
|   LUT                    | 124      | 4440          | 3                   
|   LUT-FF pairs           | 30       | 4440          | 1                   
|   Distributed RAM        | 0        | 4440          | 0                   
| Use of CRYSTAL           | 0        | 6             | 0                   
| Use of DLL               | 0        | 6             | 0                   
| Use of DQSL              | 0        | 18            | 0                   
| Use of DRM               | 0        | 48            | 0                   
| Use of FLSIF             | 0        | 1             | 0                   
| Use of FUSECODE          | 0        | 1             | 0                   
| Use of HARD0N1           | 0        | 2745          | 0                   
| Use of HMEMC             | 0        | 2             | 0                   
| Use of IO                | 11       | 240           | 5                   
|   IOBD                   | 6        | 120           | 5                   
|   IOBR                   | 1        | 6             | 17                  
|   IOBS                   | 4        | 114           | 4                   
| Use of IOCKDIV           | 0        | 12            | 0                   
| Use of IOCKDLY           | 0        | 24            | 0                   
| Use of IOCKGATE          | 0        | 12            | 0                   
| Use of IOCKGMUX_TEST     | 0        | 12            | 0                   
| Use of IOL               | 11       | 240           | 5                   
| Use of IPAL              | 0        | 1             | 0                   
| Use of MFG_TEST          | 0        | 1             | 0                   
| Use of OSC               | 0        | 1             | 0                   
| Use of PLL               | 1        | 6             | 17                  
| Use of PREGMUX_TEST      | 0        | 6             | 0                   
| Use of RCKB              | 0        | 24            | 0                   
| Use of RCKBMUX_TEST      | 0        | 12            | 0                   
| Use of RESCAL            | 0        | 6             | 0                   
| Use of SCANCHAIN         | 0        | 4             | 0                   
| Use of START             | 1        | 1             | 100                 
| Use of UDID              | 0        | 1             | 0                   
| Use of USCM              | 3        | 20            | 15                  
| Use of USCMMUX_TEST      | 0        | 20            | 0                   
| Use of VCKBMUX_TEST      | 0        | 12            | 0                   
+----------------------------------------------------------------------------+

Finished routing. (CPU time elapsed 0h:00m:04s)
Design 'top_video_zone_display' has been placed and routed successfully.
Saving design to DB.
Action pnr: Real time elapsed is 9.000 sec
Action pnr: CPU time elapsed is 7.250 sec
Current time: Mon Feb 27 22:32:26 2023
Action pnr: Peak memory pool usage is 415,920,128 bytes
Finished placement and routing. (CPU time elapsed 0h:00m:04s)
