#Build: Fabric Compiler 2021.1-SP7.3, Build 94852, May 25 15:09 2022
#Install: D:\Softwares\PDS_2021.1-SP7.3-ads\bin
#Application name: pds_shell.exe
#OS: Windows 10 10.0.19044
#Hostname: thesame
Generated by Fabric Compiler (version 2021.1-SP7.3 build 94852) at Mon Feb 27 21:42:48 2023
Compiling verification operator library.
Compiling common defs.
Compiling prim grid devices.
Compiling gate devices.
Compiling gate operators.
Building architecture model.
Loading device packaging model.
I: Parameter configuration file D:/Projects/FPGA_match/jichuang/pango_school_match/testparam.txt cannot open.
Starting placement and routing flow. (CPU time elapsed 0h:00m:00s)
Reading design from devmap DB.
Building architecture floorplan logic view.
Executing : apply_constraint -f D:/Projects/FPGA_match/jichuang/pango_school_match/device_map/top_video_zone_display.pcf
Constraint check start.
Executing : def_port tmds_clk_n -LOC A16 -VCCIO 3.3 -IOSTANDARD LVTTL33 -DRIVE 12 -SLEW FAST -OPEN_DRAIN OFF -BUS_KEEPER NONE
Executing : def_port tmds_clk_n -LOC A16 -VCCIO 3.3 -IOSTANDARD LVTTL33 -DRIVE 12 -SLEW FAST -OPEN_DRAIN OFF -BUS_KEEPER NONE successfully.
Executing : def_port tmds_clk_p -LOC B16 -VCCIO 3.3 -IOSTANDARD LVTTL33 -DRIVE 12 -SLEW FAST -OPEN_DRAIN OFF -BUS_KEEPER NONE
Executing : def_port tmds_clk_p -LOC B16 -VCCIO 3.3 -IOSTANDARD LVTTL33 -DRIVE 12 -SLEW FAST -OPEN_DRAIN OFF -BUS_KEEPER NONE successfully.
Executing : def_port {tmds_data_n[0]} -LOC A14 -VCCIO 3.3 -IOSTANDARD LVTTL33 -DRIVE 12 -SLEW FAST -OPEN_DRAIN OFF -BUS_KEEPER NONE
Executing : def_port {tmds_data_n[0]} -LOC A14 -VCCIO 3.3 -IOSTANDARD LVTTL33 -DRIVE 12 -SLEW FAST -OPEN_DRAIN OFF -BUS_KEEPER NONE successfully.
Executing : def_port {tmds_data_n[1]} -LOC A11 -VCCIO 3.3 -IOSTANDARD LVTTL33 -DRIVE 12 -SLEW FAST -OPEN_DRAIN OFF -BUS_KEEPER NONE
C: ConstraintEditor-2002: [D:/Projects/FPGA_match/jichuang/pango_school_match/device_map/top_video_zone_display.pcf(line number: 6)] | Port tmds_data_n[1] has been placed at location A11, whose type is share pin.
Executing : def_port {tmds_data_n[1]} -LOC A11 -VCCIO 3.3 -IOSTANDARD LVTTL33 -DRIVE 12 -SLEW FAST -OPEN_DRAIN OFF -BUS_KEEPER NONE successfully.
Executing : def_port {tmds_data_n[2]} -LOC A10 -VCCIO 3.3 -IOSTANDARD LVTTL33 -DRIVE 12 -SLEW FAST -OPEN_DRAIN OFF -BUS_KEEPER NONE
C: ConstraintEditor-2002: [D:/Projects/FPGA_match/jichuang/pango_school_match/device_map/top_video_zone_display.pcf(line number: 7)] | Port tmds_data_n[2] has been placed at location A10, whose type is share pin.
Executing : def_port {tmds_data_n[2]} -LOC A10 -VCCIO 3.3 -IOSTANDARD LVTTL33 -DRIVE 12 -SLEW FAST -OPEN_DRAIN OFF -BUS_KEEPER NONE successfully.
Executing : def_port {tmds_data_p[0]} -LOC B14 -VCCIO 3.3 -IOSTANDARD LVTTL33 -DRIVE 12 -SLEW FAST -OPEN_DRAIN OFF -BUS_KEEPER NONE
Executing : def_port {tmds_data_p[0]} -LOC B14 -VCCIO 3.3 -IOSTANDARD LVTTL33 -DRIVE 12 -SLEW FAST -OPEN_DRAIN OFF -BUS_KEEPER NONE successfully.
Executing : def_port {tmds_data_p[1]} -LOC B11 -VCCIO 3.3 -IOSTANDARD LVTTL33 -DRIVE 12 -SLEW FAST -OPEN_DRAIN OFF -BUS_KEEPER NONE
C: ConstraintEditor-2002: [D:/Projects/FPGA_match/jichuang/pango_school_match/device_map/top_video_zone_display.pcf(line number: 9)] | Port tmds_data_p[1] has been placed at location B11, whose type is share pin.
Executing : def_port {tmds_data_p[1]} -LOC B11 -VCCIO 3.3 -IOSTANDARD LVTTL33 -DRIVE 12 -SLEW FAST -OPEN_DRAIN OFF -BUS_KEEPER NONE successfully.
Executing : def_port {tmds_data_p[2]} -LOC B10 -VCCIO 3.3 -IOSTANDARD LVTTL33 -DRIVE 12 -SLEW FAST -OPEN_DRAIN OFF -BUS_KEEPER NONE
C: ConstraintEditor-2002: [D:/Projects/FPGA_match/jichuang/pango_school_match/device_map/top_video_zone_display.pcf(line number: 10)] | Port tmds_data_p[2] has been placed at location B10, whose type is share pin.
Executing : def_port {tmds_data_p[2]} -LOC B10 -VCCIO 3.3 -IOSTANDARD LVTTL33 -DRIVE 12 -SLEW FAST -OPEN_DRAIN OFF -BUS_KEEPER NONE successfully.
Executing : def_port clk -LOC B5 -VCCIO 3.3 -IOSTANDARD LVCMOS33 -HYS_DRIVE_MODE NOHYS -BUS_KEEPER PULLUP
Executing : def_port clk -LOC B5 -VCCIO 3.3 -IOSTANDARD LVCMOS33 -HYS_DRIVE_MODE NOHYS -BUS_KEEPER PULLUP successfully.
Executing : def_port rst_n -LOC U12 -VCCIO 3.3 -IOSTANDARD LVCMOS33 -HYS_DRIVE_MODE NOHYS -BUS_KEEPER PULLUP
Executing : def_port rst_n -LOC U12 -VCCIO 3.3 -IOSTANDARD LVCMOS33 -HYS_DRIVE_MODE NOHYS -BUS_KEEPER PULLUP successfully.
W: ConstraintEditor-4019: Port 'uart_rx' unspecified I/O constraint.
Constraint check end.
Executing : apply_constraint -f D:/Projects/FPGA_match/jichuang/pango_school_match/device_map/top_video_zone_display.pcf successfully.

Placement started.
Pre global placement started.
Mapping instance u_video_clock_gen/u_pll_e1/goppll to PLL_82_319.
Mapping instance clkbufg_2/gopclkbufg to USCM_74_104.
Mapping instance clkbufg_1/gopclkbufg to USCM_74_105.
Mapping instance clkbufg_0/gopclkbufg to USCM_74_106.
Pre global placement takes 1.11 sec.

Global placement started.
Run super clustering :
	Initial slack 131379.
	2 iterations finished.
	Final slack 132368.
Super clustering done.
Design Utilization : 3%.
Wirelength after global placement is 2525.
Global placement takes 0.14 sec.

Post global placement started.
Placed fixed group with base inst clk_ibuf/opit_1 on IOL_7_298.
Placed fixed group with base inst rgb2dvi/serdes_4b_10to1_m0/gtp_outbuft0/opit_1_IOL on IOL_151_298.
Placed fixed group with base inst rgb2dvi/serdes_4b_10to1_m0/gtp_outbuft1/opit_1_IOL on IOL_151_350.
Placed fixed group with base inst rgb2dvi/serdes_4b_10to1_m0/gtp_outbuft2/opit_1_IOL on IOL_151_338.
Placed fixed group with base inst rgb2dvi/serdes_4b_10to1_m0/gtp_outbuft3/opit_1_IOL on IOL_151_322.
Placed fixed group with base inst rgb2dvi/serdes_4b_10to1_m0/gtp_outbuft4/opit_1_IOL on IOL_151_297.
Placed fixed group with base inst rgb2dvi/serdes_4b_10to1_m0/gtp_outbuft5/opit_1_IOL on IOL_151_349.
Placed fixed group with base inst rgb2dvi/serdes_4b_10to1_m0/gtp_outbuft6/opit_1_IOL on IOL_151_337.
Placed fixed group with base inst rgb2dvi/serdes_4b_10to1_m0/gtp_outbuft7/opit_1_IOL on IOL_151_321.
Placed fixed group with base inst rst_n_ibuf/opit_1 on IOL_151_106.
Placed fixed instance clkbufg_0/gopclkbufg on USCM_74_106.
Placed fixed instance clkbufg_1/gopclkbufg on USCM_74_105.
Placed fixed instance clkbufg_2/gopclkbufg on USCM_74_104.
Placed fixed instance u_video_clock_gen/u_pll_e1/goppll on PLL_82_319.
Placed fixed instance BKCL_auto_0 on BKCL_2_268.
Placed fixed instance BKCL_auto_1 on BKCL_154_268.
Placed fixed instance BKCL_auto_2 on BKCL_154_20.
IO placement started.
IO placement takes 0.02 sec.

Macro cell placement started.
Wirelength after Macro cell placement is 2528.
Macro cell placement takes 0.00 sec.

Run super clustering :
	Initial slack 131379.
	2 iterations finished.
	Final slack 132368.
Super clustering done.
Design Utilization : 3%.
Wirelength after post global placement is 2282.
Post global placement takes 0.17 sec.

Legalization started.
Wirelength after legalization is 2783.
Legalization takes 0.05 sec.

Timing-driven detailed placement started.
replication start
Worst slack before Replication Place is 132965.
Wirelength after replication placement is 2783.
Legalized cost 132965.000000.
Cost at iteration 0 : 132965.000000, wslk 132965.
Cost at iteration 1 : 133023.000000, wslk 133017.
Cost at iteration 2 : 133017.000000, wslk 133023.
Cost at iteration 3 : 133023.000000, wslk 133017.
Cost at iteration 4 : 133017.000000, wslk 133023.
Cost at iteration 5 : 133023.000000, wslk 133017.
Cost at iteration 6 : 133017.000000, wslk 133023.
Cost at iteration 7 : 133023.000000, wslk 133017.
Cost at iteration 8 : 133017.000000, wslk 133023.
Cost at iteration 9 : 133023.000000, wslk 133017.
Cost at iteration 10 : 133017.000000, wslk 133023.
The detailed placement ends at 11th iteration.
Wirelength after detailed placement is 2785.
Timing-driven detailed placement takes 0.38 sec.

Worst slack is 133027, TNS after placement is 0.
Placement done.
Total placement takes 1.97 sec.
Finished placement. (CPU time elapsed 0h:00m:02s)

Routing started.
Building routing graph takes 0.67 sec.
Worst slack is 133027, TNS before global route is 0.
Processing design graph takes 0.14 sec.
Total memory for routing:
	47.143940 M.
Total nets for routing : 680.
Rcf routing step 1 processed 0 nets, it takes 0.00 sec.
Rcf routing step 2 processed 0 nets, it takes 0.00 sec.
Rcf routing step 3 processed 0 nets, it takes 0.00 sec.
Global Routing step 1 processed 0 nets, it takes 0.00 sec.
Global Routing step 2 processed 0 nets, it takes 0.00 sec.
Unrouted nets 3 at the end of iteration 0.
Unrouted nets 0 at the end of iteration 1.
Global Routing step 3 processed 8 nets, it takes 0.02 sec.
Global routing takes 0.03 sec.
Total 711 subnets.
    forward max bucket size 79 , backward 20.
        Unrouted nets 473 at the end of iteration 0.
    route iteration 0, CPU time elapsed 0.093750 sec.
    forward max bucket size 80 , backward 26.
        Unrouted nets 405 at the end of iteration 1.
    route iteration 1, CPU time elapsed 0.046875 sec.
    forward max bucket size 37 , backward 25.
        Unrouted nets 314 at the end of iteration 2.
    route iteration 2, CPU time elapsed 0.046875 sec.
    forward max bucket size 30 , backward 33.
        Unrouted nets 231 at the end of iteration 3.
    route iteration 3, CPU time elapsed 0.031250 sec.
    forward max bucket size 23 , backward 38.
        Unrouted nets 169 at the end of iteration 4.
    route iteration 4, CPU time elapsed 0.015625 sec.
    forward max bucket size 20 , backward 27.
        Unrouted nets 125 at the end of iteration 5.
    route iteration 5, CPU time elapsed 0.015625 sec.
    forward max bucket size 19 , backward 36.
        Unrouted nets 74 at the end of iteration 6.
    route iteration 6, CPU time elapsed 0.015625 sec.
    forward max bucket size 19 , backward 23.
        Unrouted nets 43 at the end of iteration 7.
    route iteration 7, CPU time elapsed 0.015625 sec.
    forward max bucket size 18 , backward 27.
        Unrouted nets 23 at the end of iteration 8.
    route iteration 8, CPU time elapsed 0.000000 sec.
    forward max bucket size 12 , backward 16.
        Unrouted nets 10 at the end of iteration 9.
    route iteration 9, CPU time elapsed 0.000000 sec.
    forward max bucket size 15 , backward 28.
        Unrouted nets 8 at the end of iteration 10.
    route iteration 10, CPU time elapsed 0.015625 sec.
    forward max bucket size 14 , backward 16.
        Unrouted nets 4 at the end of iteration 11.
    route iteration 11, CPU time elapsed 0.000000 sec.
    forward max bucket size 11 , backward 11.
        Unrouted nets 0 at the end of iteration 12.
    route iteration 12, CPU time elapsed 0.000000 sec.
Detailed routing takes 0.31 sec.
Start fix hold violation.
Build tmp routing results takes 0.00 sec.
Timing analysis takes 0.05 sec.
Hold violation fix iter 0 takes 0.02 sec, total_step_forward 470.
Incremental timing analysis takes 0.03 sec.
Hold violation fix iter 1 takes 0.00 sec, total_step_forward 0.
Fix hold violation Finished.
Hold Violation Fix in router takes 0.23 sec.

Dispose routing result:
    Collect routing result.
    Delete unused device instances.
    Annotate routing result.
    Change LUT configuration.
    Dispose misc instances.
    Annotate routing result again.
Finish routing takes 0.11 sec.
Used srb routing arc is 5647.
Cleanup routing takes 0.02 sec.
Routing done.
Total routing takes 1.75 sec.


Device Utilization Summary :
+----------------------------------------------------------------------------+
| Logic Utilization        | Used     | Available     | Utilization(%)     
+----------------------------------------------------------------------------+
| Use of ADC               | 0        | 1             | 0                   
| Use of APM               | 0        | 30            | 0                   
| Use of BKCL              | 3        | 6             | 50                  
| Use of CLMA              | 126      | 3274          | 4                   
|   FF                     | 261      | 19644         | 2                   
|   LUT                    | 343      | 13096         | 3                   
|   LUT-FF pairs           | 84       | 13096         | 1                   
| Use of CLMS              | 42       | 1110          | 4                   
|   FF                     | 74       | 6660          | 2                   
|   LUT                    | 124      | 4440          | 3                   
|   LUT-FF pairs           | 15       | 4440          | 1                   
|   Distributed RAM        | 0        | 4440          | 0                   
| Use of CRYSTAL           | 0        | 6             | 0                   
| Use of DLL               | 0        | 6             | 0                   
| Use of DQSL              | 0        | 18            | 0                   
| Use of DRM               | 0        | 48            | 0                   
| Use of FLSIF             | 0        | 1             | 0                   
| Use of FUSECODE          | 0        | 1             | 0                   
| Use of HARD0N1           | 0        | 2745          | 0                   
| Use of HMEMC             | 0        | 2             | 0                   
| Use of IO                | 11       | 240           | 5                   
|   IOBD                   | 7        | 120           | 6                   
|   IOBR                   | 0        | 6             | 0                   
|   IOBS                   | 4        | 114           | 4                   
| Use of IOCKDIV           | 0        | 12            | 0                   
| Use of IOCKDLY           | 0        | 24            | 0                   
| Use of IOCKGATE          | 0        | 12            | 0                   
| Use of IOCKGMUX_TEST     | 0        | 12            | 0                   
| Use of IOL               | 11       | 240           | 5                   
| Use of IPAL              | 0        | 1             | 0                   
| Use of MFG_TEST          | 0        | 1             | 0                   
| Use of OSC               | 0        | 1             | 0                   
| Use of PLL               | 1        | 6             | 17                  
| Use of PREGMUX_TEST      | 0        | 6             | 0                   
| Use of RCKB              | 0        | 24            | 0                   
| Use of RCKBMUX_TEST      | 0        | 12            | 0                   
| Use of RESCAL            | 0        | 6             | 0                   
| Use of SCANCHAIN         | 0        | 4             | 0                   
| Use of START             | 1        | 1             | 100                 
| Use of UDID              | 0        | 1             | 0                   
| Use of USCM              | 3        | 20            | 15                  
| Use of USCMMUX_TEST      | 0        | 20            | 0                   
| Use of VCKBMUX_TEST      | 0        | 12            | 0                   
+----------------------------------------------------------------------------+

Finished routing. (CPU time elapsed 0h:00m:04s)
Design 'top_video_zone_display' has been placed and routed successfully.
Saving design to DB.
Action pnr: Real time elapsed is 9.000 sec
Action pnr: CPU time elapsed is 7.359 sec
Current time: Mon Feb 27 21:42:55 2023
Action pnr: Peak memory pool usage is 416,567,296 bytes
Finished placement and routing. (CPU time elapsed 0h:00m:04s)
