#Build: Fabric Compiler 2021.1-SP7.3, Build 94852, May 25 15:09 2022
#Install: D:\Softwares\PDS_2021.1-SP7.3-ads\bin
#Application name: pds_shell.exe
#OS: Windows 10 10.0.19044
#Hostname: thesame
Generated by Fabric Compiler (version 2021.1-SP7.3 build 94852) at Mon Feb 27 21:42:03 2023
License checkout: fabric_ads
Compiling verification operator library.
Compiling common defs.
Loading technology operator library.
Compiling technology operator library.
Compiling technology operator (valence) library.
Reading design from compile DB
Reading design from compile DB successfully.
Constraint check start.
Compiling prim grid devices.
Building architecture model.
Loading device packaging model.
Building architecture floorplan logic view.
C: ConstraintEditor-2002: [D:/Projects/FPGA_match/jichuang/pango_school_match/project.fdc(line number: 43)] | Port tmds_data_n[1] has been placed at location A11, whose type is share pin.
C: ConstraintEditor-2002: [D:/Projects/FPGA_match/jichuang/pango_school_match/project.fdc(line number: 52)] | Port tmds_data_n[2] has been placed at location A10, whose type is share pin.
C: ConstraintEditor-2002: [D:/Projects/FPGA_match/jichuang/pango_school_match/project.fdc(line number: 70)] | Port tmds_data_p[1] has been placed at location B11, whose type is share pin.
C: ConstraintEditor-2002: [D:/Projects/FPGA_match/jichuang/pango_school_match/project.fdc(line number: 79)] | Port tmds_data_p[2] has been placed at location B10, whose type is share pin.
W: ConstraintEditor-4019: Port 'uart_rx' unspecified I/O constraint.
Constraint check end.
Executing : get_ports clk
Executing : get_ports clk successfully.
Executing : create_clock -name top_video_zone_display|clk [get_ports clk] -period 1000.000 -waveform {0.000 500.000} -add
Executing : create_clock -name top_video_zone_display|clk [get_ports clk] -period 1000.000 -waveform {0.000 500.000} -add successfully.
Executing : set_clock_groups -name Inferred_clock_group_0 -asynchronous -group top_video_zone_display|clk
Executing : set_clock_groups -name Inferred_clock_group_0 -asynchronous -group top_video_zone_display|clk successfully.
Executing : set_clock_groups -name Inferred_clock_group_0 -asynchronous -group top_video_zone_display|clk
Executing : set_clock_groups -name Inferred_clock_group_0 -asynchronous -group top_video_zone_display|clk successfully.
W: Adm-4079: User-specified initial value defined for instance 'TMDS_mod5[2:0]' is being ignored due to limitations in architecture.
W: Adm-4079: User-specified initial value defined for instance 'TMDS_shift_0h[4:0]' is being ignored due to limitations in architecture.
W: Adm-4079: User-specified initial value defined for instance 'TMDS_shift_0l[4:0]' is being ignored due to limitations in architecture.
W: Adm-4079: User-specified initial value defined for instance 'TMDS_shift_1h[4:0]' is being ignored due to limitations in architecture.
W: Adm-4079: User-specified initial value defined for instance 'TMDS_shift_1l[4:0]' is being ignored due to limitations in architecture.
W: Adm-4079: User-specified initial value defined for instance 'TMDS_shift_2h[4:0]' is being ignored due to limitations in architecture.
W: Adm-4079: User-specified initial value defined for instance 'TMDS_shift_2l[4:0]' is being ignored due to limitations in architecture.
W: Adm-4079: User-specified initial value defined for instance 'TMDS_shift_3h[4:0]' is being ignored due to limitations in architecture.
W: Adm-4079: User-specified initial value defined for instance 'TMDS_shift_3l[4:0]' is being ignored due to limitations in architecture.
Start pre-mapping.
I: Encoding type of FSM 'state_c_fsm[3:0]' is: onehot.
I: Encoding table of FSM 'state_c_fsm[3:0]':
I: from  u_top_uart_cmd_resolve/u_m_decoder/state_c[3] u_top_uart_cmd_resolve/u_m_decoder/state_c[2] u_top_uart_cmd_resolve/u_m_decoder/state_c[1] u_top_uart_cmd_resolve/u_m_decoder/state_c[0]
I: to  u_top_uart_cmd_resolve/u_m_decoder/state_c_4 u_top_uart_cmd_resolve/u_m_decoder/state_c_3 u_top_uart_cmd_resolve/u_m_decoder/state_c_2 u_top_uart_cmd_resolve/u_m_decoder/state_c_1 u_top_uart_cmd_resolve/u_m_decoder/state_c_0
I: 0000 => 00001
I: 0001 => 00010
I: 0010 => 00100
I: 0011 => 01000
I: 0100 => 10000
Executing : pre-mapping successfully. Time elapsed: 0.096s wall, 0.094s user + 0.000s system = 0.094s CPU (98.1%)

Start mod-gen.
W: Public-4008: Instance 'u_top_uart_cmd_resolve/u_m_decoder/o_check[7:0]' of 'bmsWIDEDFFCPE' unit is dangling and will be cleaned.
W: Public-4008: Instance 'u_video_pixel_counter/block_h_cnt[5:0]' of 'bmsWIDEDFFPATCE' unit is dangling and will be cleaned.
W: Public-4008: Instance 'u_video_pixel_counter/block_v_cnt[5:0]' of 'bmsWIDEDFFPATCE' unit is dangling and will be cleaned.
W: Public-4008: Instance 'u_video_pixel_counter/cnt_32[5:0]' of 'bmsWIDEDFFPATCE' unit is dangling and will be cleaned.
W: Public-4008: Instance 'u_video_pixel_counter/cnt_36[6:0]' of 'bmsWIDEDFFCPE' unit is dangling and will be cleaned.
W: Public-4008: Instance 'u_video_pixel_counter/inblock_line_cnt[5:0]' of 'bmsWIDEDFFCPE' unit is dangling and will be cleaned.
I: Removed bmsWIDEDFFRSE inst rgb2dvi/encr/de_q that is redundant to rgb2dvi/encb/de_q
I: Removed bmsWIDEDFFRSE inst rgb2dvi/encg/de_q that is redundant to rgb2dvi/encb/de_q
I: Removed bmsWIDEDFFRSE inst rgb2dvi/encg/c1_q that is redundant to rgb2dvi/encg/c0_q
I: Removed bmsWIDEDFFRSE inst rgb2dvi/encr/c0_q that is redundant to rgb2dvi/encg/c0_q
I: Removed bmsWIDEDFFRSE inst rgb2dvi/encr/c1_q that is redundant to rgb2dvi/encg/c0_q
I: Removed bmsWIDEDFFRSE inst rgb2dvi/encr/de_reg that is redundant to rgb2dvi/encb/de_reg
I: Removed bmsWIDEDFFRSE inst rgb2dvi/encg/de_reg that is redundant to rgb2dvi/encb/de_reg
I: Removed bmsWIDEDFFRSE inst rgb2dvi/encr/c1_reg that is redundant to rgb2dvi/encr/c0_reg
I: Removed bmsWIDEDFFRSE inst rgb2dvi/encr/c0_reg that is redundant to rgb2dvi/encg/c0_reg
I: Removed bmsWIDEDFFRSE inst rgb2dvi/encg/c1_reg that is redundant to rgb2dvi/encg/c0_reg
I: Constant propagation done on rgb2dvi/encb/N26 (bmsWIDEMUX).
I: Constant propagation done on rgb2dvi/encg/N26 (bmsWIDEMUX).
I: Constant propagation done on rgb2dvi/encr/N26 (bmsWIDEMUX).
I: Constant propagation done on rgb2dvi/encb/N24 (bmsWIDEINV).
I: Constant propagation done on rgb2dvi/encg/N304 (bmsREDOR).
W: Register u_top_uart_cmd_resolve/u_m_bps/r_bps_cnt[10] is reduced to constant 0.
W: Register u_top_uart_cmd_resolve/u_m_decoder/state_d[3] is reduced to constant 0.
W: Register rgb2dvi/encg/c0_q is reduced to constant 0.
W: Register rgb2dvi/encg/c0_reg is reduced to constant 0.
I: Constant propagation done on u_top_uart_cmd_resolve/u_m_bps/N29 (bmsREDAND).
I: Constant propagation done on u_top_uart_cmd_resolve/u_m_decoder/N189_0 (bmsREDAND).
I: Constant propagation done on rgb2dvi/encr/N303 (bmsWIDEMUX).
I: Constant propagation done on rgb2dvi/encg/N303 (bmsWIDEMUX).
I: Constant propagation done on u_top_uart_cmd_resolve/u_m_bps/N23 (bmsWIDEINV).
Executing : mod-gen successfully. Time elapsed: 0.264s wall, 0.266s user + 0.000s system = 0.266s CPU (100.5%)

Start logic-optimization.
I: Removed bmsWIDEDFFCPE inst rgb2dvi/encb/dout[4] that is redundant to rgb2dvi/encb/dout[2]
I: Removed bmsWIDEDFFCPE inst rgb2dvi/encb/dout[6] that is redundant to rgb2dvi/encb/dout[2]
I: Removed bmsWIDEDFFCPE inst rgb2dvi/encb/dout[3] that is redundant to rgb2dvi/encb/dout[1]
I: Removed bmsWIDEDFFCPE inst rgb2dvi/encb/dout[5] that is redundant to rgb2dvi/encb/dout[1]
I: Removed bmsWIDEDFFCPE inst rgb2dvi/encb/dout[7] that is redundant to rgb2dvi/encb/dout[1]
I: Removed bmsWIDEDFFCPE inst rgb2dvi/encg/dout[4] that is redundant to rgb2dvi/encg/dout[2]
I: Removed bmsWIDEDFFCPE inst rgb2dvi/encg/dout[6] that is redundant to rgb2dvi/encg/dout[2]
I: Removed bmsWIDEDFFCPE inst rgb2dvi/encr/dout[4] that is redundant to rgb2dvi/encr/dout[2]
I: Removed bmsWIDEDFFCPE inst rgb2dvi/encr/dout[6] that is redundant to rgb2dvi/encr/dout[2]
I: Removed bmsWIDEDFFCPE inst rgb2dvi/encg/dout[3] that is redundant to rgb2dvi/encg/dout[1]
I: Removed bmsWIDEDFFCPE inst rgb2dvi/encg/dout[5] that is redundant to rgb2dvi/encg/dout[1]
I: Removed bmsWIDEDFFCPE inst rgb2dvi/encg/dout[7] that is redundant to rgb2dvi/encg/dout[1]
I: Removed bmsWIDEDFFCPE inst rgb2dvi/encr/dout[3] that is redundant to rgb2dvi/encr/dout[1]
I: Removed bmsWIDEDFFCPE inst rgb2dvi/encr/dout[5] that is redundant to rgb2dvi/encr/dout[1]
I: Removed bmsWIDEDFFCPE inst rgb2dvi/encr/dout[7] that is redundant to rgb2dvi/encr/dout[1]
Executing : logic-optimization successfully. Time elapsed: 0.425s wall, 0.359s user + 0.062s system = 0.422s CPU (99.3%)

Start tech-mapping phase 1.
W: Public-4008: Instance 'rgb2dvi/encb/n0q_m[1]' of 'GTP_DFF' unit is dangling and will be cleaned.
W: Public-4008: Instance 'rgb2dvi/encb/n1d[1]' of 'GTP_DFF' unit is dangling and will be cleaned.
W: Public-4008: Instance 'rgb2dvi/encb/n1d[2]' of 'GTP_DFF' unit is dangling and will be cleaned.
W: Public-4008: Instance 'rgb2dvi/encb/n1q_m[1]' of 'GTP_DFF' unit is dangling and will be cleaned.
W: Public-4008: Instance 'rgb2dvi/encb/q_m_reg[2]' of 'GTP_DFF' unit is dangling and will be cleaned.
W: Public-4008: Instance 'rgb2dvi/encb/q_m_reg[3]' of 'GTP_DFF' unit is dangling and will be cleaned.
W: Public-4008: Instance 'rgb2dvi/encb/q_m_reg[4]' of 'GTP_DFF' unit is dangling and will be cleaned.
W: Public-4008: Instance 'rgb2dvi/encb/q_m_reg[5]' of 'GTP_DFF' unit is dangling and will be cleaned.
W: Public-4008: Instance 'rgb2dvi/encb/q_m_reg[6]' of 'GTP_DFF' unit is dangling and will be cleaned.
W: Public-4008: Instance 'rgb2dvi/encb/q_m_reg[7]' of 'GTP_DFF' unit is dangling and will be cleaned.
W: Public-4008: Instance 'rgb2dvi/encg/n0q_m[1]' of 'GTP_DFF' unit is dangling and will be cleaned.
W: Public-4008: Instance 'rgb2dvi/encg/n1d[1]' of 'GTP_DFF' unit is dangling and will be cleaned.
W: Public-4008: Instance 'rgb2dvi/encg/n1d[2]' of 'GTP_DFF' unit is dangling and will be cleaned.
W: Public-4008: Instance 'rgb2dvi/encg/n1q_m[1]' of 'GTP_DFF' unit is dangling and will be cleaned.
W: Public-4008: Instance 'rgb2dvi/encg/q_m_reg[2]' of 'GTP_DFF' unit is dangling and will be cleaned.
W: Public-4008: Instance 'rgb2dvi/encg/q_m_reg[3]' of 'GTP_DFF' unit is dangling and will be cleaned.
W: Public-4008: Instance 'rgb2dvi/encg/q_m_reg[4]' of 'GTP_DFF' unit is dangling and will be cleaned.
W: Public-4008: Instance 'rgb2dvi/encg/q_m_reg[5]' of 'GTP_DFF' unit is dangling and will be cleaned.
W: Public-4008: Instance 'rgb2dvi/encg/q_m_reg[6]' of 'GTP_DFF' unit is dangling and will be cleaned.
W: Public-4008: Instance 'rgb2dvi/encg/q_m_reg[7]' of 'GTP_DFF' unit is dangling and will be cleaned.
W: Public-4008: Instance 'rgb2dvi/encr/n0q_m[1]' of 'GTP_DFF' unit is dangling and will be cleaned.
W: Public-4008: Instance 'rgb2dvi/encr/n1d[1]' of 'GTP_DFF' unit is dangling and will be cleaned.
W: Public-4008: Instance 'rgb2dvi/encr/n1d[2]' of 'GTP_DFF' unit is dangling and will be cleaned.
W: Public-4008: Instance 'rgb2dvi/encr/n1q_m[1]' of 'GTP_DFF' unit is dangling and will be cleaned.
W: Public-4008: Instance 'rgb2dvi/encr/q_m_reg[2]' of 'GTP_DFF' unit is dangling and will be cleaned.
W: Public-4008: Instance 'rgb2dvi/encr/q_m_reg[3]' of 'GTP_DFF' unit is dangling and will be cleaned.
W: Public-4008: Instance 'rgb2dvi/encr/q_m_reg[4]' of 'GTP_DFF' unit is dangling and will be cleaned.
W: Public-4008: Instance 'rgb2dvi/encr/q_m_reg[5]' of 'GTP_DFF' unit is dangling and will be cleaned.
W: Public-4008: Instance 'rgb2dvi/encr/q_m_reg[6]' of 'GTP_DFF' unit is dangling and will be cleaned.
W: Public-4008: Instance 'rgb2dvi/encr/q_m_reg[7]' of 'GTP_DFF' unit is dangling and will be cleaned.
W: Public-4008: Instance 'u_top_uart_cmd_resolve/u_m_decoder/byte1[0][0]' of 'GTP_DFF_E' unit is dangling and will be cleaned.
W: Public-4008: Instance 'u_top_uart_cmd_resolve/u_m_decoder/byte1[0][1]' of 'GTP_DFF_E' unit is dangling and will be cleaned.
W: Public-4008: Instance 'u_top_uart_cmd_resolve/u_m_decoder/byte1[0][2]' of 'GTP_DFF_E' unit is dangling and will be cleaned.
W: Public-4008: Instance 'u_top_uart_cmd_resolve/u_m_decoder/byte1[0][3]' of 'GTP_DFF_E' unit is dangling and will be cleaned.
W: Public-4008: Instance 'u_top_uart_cmd_resolve/u_m_decoder/byte1[0][4]' of 'GTP_DFF_E' unit is dangling and will be cleaned.
W: Public-4008: Instance 'u_top_uart_cmd_resolve/u_m_decoder/byte1[0][5]' of 'GTP_DFF_E' unit is dangling and will be cleaned.
W: Public-4008: Instance 'u_top_uart_cmd_resolve/u_m_decoder/byte1[0][6]' of 'GTP_DFF_E' unit is dangling and will be cleaned.
W: Public-4008: Instance 'u_top_uart_cmd_resolve/u_m_decoder/byte1[0][7]' of 'GTP_DFF_E' unit is dangling and will be cleaned.
W: Public-4008: Instance 'u_top_uart_cmd_resolve/u_m_decoder/byte1[1][6]' of 'GTP_DFF_E' unit is dangling and will be cleaned.
W: Public-4008: Instance 'u_top_uart_cmd_resolve/u_m_decoder/byte1[1][7]' of 'GTP_DFF_E' unit is dangling and will be cleaned.
W: Public-4008: Instance 'u_top_uart_cmd_resolve/u_m_decoder/o_para_list[0]' of 'GTP_DFF_CE' unit is dangling and will be cleaned.
W: Public-4008: Instance 'u_top_uart_cmd_resolve/u_m_decoder/o_para_list[1]' of 'GTP_DFF_CE' unit is dangling and will be cleaned.
W: Public-4008: Instance 'u_top_uart_cmd_resolve/u_m_decoder/o_para_list[2]' of 'GTP_DFF_CE' unit is dangling and will be cleaned.
W: Public-4008: Instance 'u_top_uart_cmd_resolve/u_m_decoder/o_para_list[3]' of 'GTP_DFF_CE' unit is dangling and will be cleaned.
W: Public-4008: Instance 'u_top_uart_cmd_resolve/u_m_decoder/o_para_list[4]' of 'GTP_DFF_CE' unit is dangling and will be cleaned.
W: Public-4008: Instance 'u_top_uart_cmd_resolve/u_m_decoder/o_para_list[5]' of 'GTP_DFF_CE' unit is dangling and will be cleaned.
W: Public-4008: Instance 'u_top_uart_cmd_resolve/u_m_decoder/o_para_list[6]' of 'GTP_DFF_CE' unit is dangling and will be cleaned.
W: Public-4008: Instance 'u_top_uart_cmd_resolve/u_m_decoder/o_para_list[7]' of 'GTP_DFF_CE' unit is dangling and will be cleaned.
W: Public-4008: Instance 'u_top_uart_cmd_resolve/u_m_decoder/o_para_list[14]' of 'GTP_DFF_CE' unit is dangling and will be cleaned.
W: Public-4008: Instance 'u_top_uart_cmd_resolve/u_m_decoder/o_para_list[15]' of 'GTP_DFF_CE' unit is dangling and will be cleaned.
W: Removed GTP_DFF inst rgb2dvi/encr/n1q_m[0] that is stuck at constant 0.
W: Removed GTP_DFF inst rgb2dvi/encb/n1d[0] that is stuck at constant 0.
W: Removed GTP_DFF inst rgb2dvi/encr/n0q_m[0] that is stuck at constant 0.
W: Removed GTP_DFF inst rgb2dvi/encg/n0q_m[0] that is stuck at constant 0.
W: Removed GTP_DFF inst rgb2dvi/encr/n1d[0] that is stuck at constant 0.
W: Removed GTP_DFF inst rgb2dvi/encg/n1d[0] that is stuck at constant 0.
W: Removed GTP_DFF inst rgb2dvi/encg/n1q_m[0] that is stuck at constant 0.
W: Removed GTP_DFF inst rgb2dvi/encb/n1q_m[0] that is stuck at constant 0.
W: Removed GTP_DFF inst rgb2dvi/encb/n0q_m[0] that is stuck at constant 0.
I: Removed GTP_DFF inst rgb2dvi/encb/n1d[3] that is redundant to rgb2dvi/encb/din_q[0]
I: Removed GTP_DFF inst rgb2dvi/encr/n1d[3] that is redundant to rgb2dvi/encr/din_q[0]
I: Removed GTP_DFF inst rgb2dvi/encg/n1q_m[2] that is redundant to rgb2dvi/encg/n0q_m[2]
I: Removed GTP_DFF inst rgb2dvi/encb/n1q_m[2] that is redundant to rgb2dvi/encb/n0q_m[2]
I: Removed GTP_DFF_S inst rgb2dvi/serdes_4b_10to1_m0/TMDS_shift_3l[4] that is redundant to rgb2dvi/serdes_4b_10to1_m0/TMDS_shift_3h[4]
I: Removed GTP_DFF inst rgb2dvi/encr/n1q_m[2] that is redundant to rgb2dvi/encr/n0q_m[2]
I: Removed GTP_DFF inst rgb2dvi/encg/n1d[3] that is redundant to rgb2dvi/encg/din_q[0]
I: Removed GTP_DFF inst rgb2dvi/encr/q_m_reg[0] that is redundant to rgb2dvi/encr/n1q_m[3]
I: Removed GTP_DFF inst rgb2dvi/encr/q_m_reg[1] that is redundant to rgb2dvi/encr/n1q_m[3]
I: Removed GTP_DFF_S inst rgb2dvi/serdes_4b_10to1_m0/TMDS_shift_3l[3] that is redundant to rgb2dvi/serdes_4b_10to1_m0/TMDS_shift_3h[3]
I: Removed GTP_DFF inst rgb2dvi/encg/q_m_reg[0] that is redundant to rgb2dvi/encg/n1q_m[3]
I: Removed GTP_DFF inst rgb2dvi/encg/q_m_reg[1] that is redundant to rgb2dvi/encg/n1q_m[3]
I: Removed GTP_DFF inst rgb2dvi/encb/q_m_reg[0] that is redundant to rgb2dvi/encb/n1q_m[3]
I: Removed GTP_DFF inst rgb2dvi/encb/q_m_reg[1] that is redundant to rgb2dvi/encb/n1q_m[3]
I: Removed GTP_DFF inst rgb2dvi/encg/n0q_m[2] that is redundant to rgb2dvi/encb/n0q_m[2]
I: Removed GTP_DFF inst rgb2dvi/encr/n0q_m[2] that is redundant to rgb2dvi/encb/n0q_m[2]
I: Removed GTP_DFF inst rgb2dvi/encb/q_m_reg[8] that is redundant to rgb2dvi/encb/n0q_m[3]
I: Removed GTP_DFF_C inst rgb2dvi/encb/dout[1] that is redundant to rgb2dvi/encb/dout[0]
I: Removed GTP_DFF_C inst rgb2dvi/encg/dout[1] that is redundant to rgb2dvi/encg/dout[0]
I: Removed GTP_DFF_C inst rgb2dvi/encr/dout[1] that is redundant to rgb2dvi/encr/dout[0]
W: Removed GTP_DFF inst rgb2dvi/encb/n0q_m[2] that is stuck at constant 0.
I: Removed GTP_DFF inst rgb2dvi/encr/q_m_reg[8] that is redundant to rgb2dvi/encr/n0q_m[3]
I: Removed GTP_DFF inst rgb2dvi/encg/q_m_reg[8] that is redundant to rgb2dvi/encg/n0q_m[3]
Executing : tech-mapping phase 1 successfully. Time elapsed: 0.057s wall, 0.062s user + 0.000s system = 0.062s CPU (109.4%)

Start tech-mapping phase 2.
Executing : tech-mapping phase 2 successfully. Time elapsed: 0.322s wall, 0.266s user + 0.047s system = 0.312s CPU (97.1%)

Start tech-optimization.
Executing : tech-optimization successfully. Time elapsed: 0.084s wall, 0.094s user + 0.000s system = 0.094s CPU (111.6%)

Start phys-optimization.
Executing : phys-optimization successfully. Time elapsed: 0.000s wall, 0.000s user + 0.000s system = 0.000s CPU (n/a%)

Start restore-hierarchy.
Executing : restore-hierarchy successfully. Time elapsed: 0.033s wall, 0.031s user + 0.000s system = 0.031s CPU (94.2%)


Cell Usage:
GTP_DFF                      47 uses
GTP_DFF_C                    58 uses
GTP_DFF_CE                  163 uses
GTP_DFF_E                    30 uses
GTP_DFF_P                     1 use
GTP_DFF_R                    29 uses
GTP_DFF_RE                    4 uses
GTP_DFF_S                     3 uses
GTP_GRS                       1 use
GTP_INV                       2 uses
GTP_LUT1                     14 uses
GTP_LUT2                     24 uses
GTP_LUT3                     53 uses
GTP_LUT4                     30 uses
GTP_LUT5                     70 uses
GTP_LUT5CARRY               236 uses
GTP_LUT5M                    21 uses
GTP_OSERDES                   8 uses
GTP_PLL_E1                    1 use

I/O ports: 11
GTP_INBUF                   3 uses
GTP_OUTBUFT                 8 uses

Mapping Summary:
Total LUTs: 448 of 17536 (2.55%)
	LUTs as dram: 0 of 4440 (0.00%)
	LUTs as logic: 448
Total Registers: 335 of 26304 (1.27%)
Total Latches: 0

DRM18K:
Total DRM18K = 0.0 of 48 (0.00%)

APMs:
Total APMs = 0.00 of 30 (0.00%)

Total I/O ports = 11 of 240 (4.58%)


Number of unique control sets : 24
  CLK(nt_clk)                                      : 2
  CLK(video_clock)                                 : 15
  CLK(video_clock5x)                               : 30
  CLK(nt_clk), CE(u_top_uart_cmd_resolve.u_m_decoder.N265)     : 6
  CLK(nt_clk), CE(u_top_uart_cmd_resolve.u_m_decoder.N258)     : 8
  CLK(nt_clk), CE(u_top_uart_cmd_resolve.u_m_decoder.N268)     : 8
  CLK(nt_clk), CE(u_top_uart_cmd_resolve.u_m_s2p.N10)    : 8
  CLK(nt_clk), CP(~nt_rst_n)                       : 9
      CLK(nt_clk), C(~nt_rst_n)                    : 8
      CLK(nt_clk), P(~nt_rst_n)                    : 1
  CLK(video_clock), C(~nt_rst_n)                   : 50
  CLK(video_clock), C(~nt_rst_n), CE(u_color_bar.N309)   : 3
  CLK(nt_clk), C(~nt_rst_n), CE(u_top_uart_cmd_resolve.u_m_decoder.clen2cmd_start)     : 8
  CLK(nt_clk), C(~nt_rst_n), CE(u_top_uart_cmd_resolve.u_m_decoder.cmd2para_start)     : 8
  CLK(video_clock), C(~nt_rst_n), CE(u_video_pixel_counter.N71)      : 11
  CLK(video_clock), C(~nt_rst_n), CE(u_video_pixel_counter.N75)      : 11
  CLK(video_clock), C(~nt_rst_n), CE(u_color_bar.N22)    : 12
  CLK(video_clock), C(~nt_rst_n), CE(u_color_bar.N248)   : 12
  CLK(nt_clk), C(~nt_rst_n), CE(~u_top_uart_cmd_resolve.u_m_decoder.add_cnt)     : 22
  CLK(video_clock), C(~nt_rst_n), CE(u_video_zone_judge.N57)   : 22
  CLK(video_clock), C(~nt_rst_n), CE(u_video_zone_judge.N7)    : 22
  CLK(nt_clk), C(~nt_rst_n), CE(u_top_uart_cmd_resolve.u_m_decoder.add_cnt)      : 32
  CLK(nt_clk), R(u_top_uart_cmd_resolve.u_m_bps.N35)     : 10
  CLK(nt_clk), R(~nt_rst_n)                        : 11
  CLK(video_clock5x), RS(rgb2dvi.serdes_4b_10to1_m0.TMDS_mod5[2])          : 11
      CLK(video_clock5x), R(rgb2dvi.serdes_4b_10to1_m0.TMDS_mod5[2])       : 8
      CLK(video_clock5x), S(rgb2dvi.serdes_4b_10to1_m0.TMDS_mod5[2])       : 3
  CLK(nt_clk), R(u_top_uart_cmd_resolve.u_m_s2p.N95), CE(u_top_uart_cmd_resolve.w_bps_done)  : 4


Number of DFF:CE Signals : 16
  u_color_bar.N309(from GTP_LUT5:Z)                : 3
  u_top_uart_cmd_resolve.w_bps_done(from GTP_DFF:Q)      : 4
  u_top_uart_cmd_resolve.u_m_decoder.N265(from GTP_LUT3:Z)     : 6
  u_top_uart_cmd_resolve.u_m_decoder.N258(from GTP_LUT3:Z)     : 8
  u_top_uart_cmd_resolve.u_m_decoder.N268(from GTP_LUT3:Z)     : 8
  u_top_uart_cmd_resolve.u_m_decoder.clen2cmd_start(from GTP_LUT2:Z)       : 8
  u_top_uart_cmd_resolve.u_m_decoder.cmd2para_start(from GTP_LUT2:Z)       : 8
  u_top_uart_cmd_resolve.u_m_s2p.N10(from GTP_LUT5:Z)    : 8
  u_video_pixel_counter.N71(from GTP_LUT3:Z)       : 11
  u_video_pixel_counter.N75(from GTP_LUT3:Z)       : 11
  u_color_bar.N22(from GTP_LUT5:Z)                 : 12
  u_color_bar.N248(from GTP_LUT5:Z)                : 12
  u_video_zone_judge.N57(from GTP_LUT3:Z)          : 22
  u_video_zone_judge.N7(from GTP_LUT3:Z)           : 22
  ~u_top_uart_cmd_resolve.u_m_decoder.add_cnt(from GTP_INV:Z)  : 22
  u_top_uart_cmd_resolve.u_m_decoder.add_cnt(from GTP_LUT2:Z)  : 32

Number of DFF:CLK Signals : 3
  video_clock5x(from GTP_PLL_E1:CLKOUT0)           : 41
  nt_clk(from GTP_INBUF:O)                         : 136
  video_clock(from GTP_PLL_E1:CLKOUT1)             : 158

Number of DFF:CP Signals : 1
  ~nt_rst_n(from GTP_INV:Z)                        : 222

Number of DFF:RS Signals : 4
  u_top_uart_cmd_resolve.u_m_s2p.N95(from GTP_LUT2:Z)    : 4
  u_top_uart_cmd_resolve.u_m_bps.N35(from GTP_LUT4:Z)    : 10
  rgb2dvi.serdes_4b_10to1_m0.TMDS_mod5[2](from GTP_DFF_R:Q)    : 11
  ~nt_rst_n(from GTP_INV:Z)                        : 11

Design 'top_video_zone_display' has been successfully synthesized to architecture-specific objects.
Saving design to DB.
Saving design to top_video_zone_display_syn.vm
Constructing timing graph ...
Timing graph has been constructed successfully
W: Timing-4087: Port 'tmds_clk_n' is not constrained, it is treated as combinational output.
W: Timing-4087: Port 'tmds_clk_p' is not constrained, it is treated as combinational output.
W: Timing-4087: Port 'tmds_data_n[0]' is not constrained, it is treated as combinational output.
W: Timing-4087: Port 'tmds_data_n[1]' is not constrained, it is treated as combinational output.
W: Timing-4087: Port 'tmds_data_n[2]' is not constrained, it is treated as combinational output.
W: Timing-4087: Port 'tmds_data_p[0]' is not constrained, it is treated as combinational output.
W: Timing-4087: Port 'tmds_data_p[1]' is not constrained, it is treated as combinational output.
W: Timing-4087: Port 'tmds_data_p[2]' is not constrained, it is treated as combinational output.
W: Timing-4086: Port 'rst_n' is not constrained, it is treated as combinational input.
W: Timing-4086: Port 'uart_rx' is not constrained, it is treated as combinational input.
Begin dump timing report
End dump timing report
Action synthesize: Real time elapsed is 5.000 sec
Action synthesize: CPU time elapsed is 3.750 sec
Current time: Mon Feb 27 21:42:06 2023
Action synthesize: Peak memory pool usage is 220,966,912 bytes
