#Build: Fabric Compiler 2021.1-SP7.3, Build 94852, May 25 15:09 2022
#Install: D:\Softwares\PDS_2021.1-SP7.3-ads\bin
#Application name: pds_shell.exe
#OS: Windows 10 10.0.19044
#Hostname: thesame
Generated by Fabric Compiler (version 2021.1-SP7.3 build 94852) at Tue Feb 28 12:57:19 2023
License checkout: fabric_ads
Compiling verification operator library.
Compiling common defs.
Loading technology operator library.
Compiling technology operator library.
Compiling technology operator (valence) library.
Reading design from compile DB
Reading design from compile DB successfully.
Constraint check start.
Compiling prim grid devices.
Building architecture model.
Loading device packaging model.
Building architecture floorplan logic view.
W: Timing-4106: Can not find the port 'pclk_mod_in' in the design 'top_video_zone_display'.
E: ConstraintEditor-0046: [D:/Projects/FPGA_match/jichuang/pango_school_match/project.fdc(line number: 206)] Object 'p:pclk_mod_in' can not be found in current view.
W: Timing-4106: Can not find the port 'pclk_mod_in' in the design 'top_video_zone_display'.
E: ConstraintEditor-0046: [D:/Projects/FPGA_match/jichuang/pango_school_match/project.fdc(line number: 207)] Object 'p:pclk_mod_in' can not be found in current view.
W: Timing-4106: Can not find the port 'pclk_mod_in' in the design 'top_video_zone_display'.
E: ConstraintEditor-0046: [D:/Projects/FPGA_match/jichuang/pango_school_match/project.fdc(line number: 208)] Object 'p:pclk_mod_in' can not be found in current view.
W: Timing-4106: Can not find the port 'pclk_mod_in' in the design 'top_video_zone_display'.
E: ConstraintEditor-0046: [D:/Projects/FPGA_match/jichuang/pango_school_match/project.fdc(line number: 209)] Object 'p:pclk_mod_in' can not be found in current view.
W: Timing-4106: Can not find the port 'pclk_mod_in' in the design 'top_video_zone_display'.
E: ConstraintEditor-0046: [D:/Projects/FPGA_match/jichuang/pango_school_match/project.fdc(line number: 210)] Object 'p:pclk_mod_in' can not be found in current view.
W: Timing-4106: Can not find the port 'pclk_mod_in' in the design 'top_video_zone_display'.
E: ConstraintEditor-0046: [D:/Projects/FPGA_match/jichuang/pango_school_match/project.fdc(line number: 211)] Object 'p:pclk_mod_in' can not be found in current view.
C: ConstraintEditor-2002: [D:/Projects/FPGA_match/jichuang/pango_school_match/project.fdc(line number: 43)] | Port tmds_data_n[1] has been placed at location A11, whose type is share pin.
C: ConstraintEditor-2002: [D:/Projects/FPGA_match/jichuang/pango_school_match/project.fdc(line number: 52)] | Port tmds_data_n[2] has been placed at location A10, whose type is share pin.
C: ConstraintEditor-2002: [D:/Projects/FPGA_match/jichuang/pango_school_match/project.fdc(line number: 70)] | Port tmds_data_p[1] has been placed at location B11, whose type is share pin.
C: ConstraintEditor-2002: [D:/Projects/FPGA_match/jichuang/pango_school_match/project.fdc(line number: 79)] | Port tmds_data_p[2] has been placed at location B10, whose type is share pin.
Constraint check end.
Program Error Out.
