#Build: Fabric Compiler 2021.1-SP7.3, Build 94852, May 25 15:09 2022
#Install: D:\Softwares\PDS_2021.1-SP7.3-ads\bin
#Application name: pds_shell.exe
#OS: Windows 10 10.0.19044
#Hostname: thesame
Generated by Fabric Compiler (version 2021.1-SP7.3 build 94852) at Mon Feb 27 21:42:56 2023
Compiling verification operator library.
Compiling common defs.
Compiling prim grid devices.
Compiling gate devices.
Compiling gate operators.
Building architecture model.
Loading device packaging model.
Reading design from pnr DB.
Start Report Post-PnR timing.
Constructing timing graph ...
Timing graph has been constructed successfully
W: Timing-4087: Port 'tmds_clk_n' is not constrained, it is treated as combinational output.
W: Timing-4087: Port 'tmds_clk_p' is not constrained, it is treated as combinational output.
W: Timing-4087: Port 'tmds_data_n[0]' is not constrained, it is treated as combinational output.
W: Timing-4087: Port 'tmds_data_n[1]' is not constrained, it is treated as combinational output.
W: Timing-4087: Port 'tmds_data_n[2]' is not constrained, it is treated as combinational output.
W: Timing-4087: Port 'tmds_data_p[0]' is not constrained, it is treated as combinational output.
W: Timing-4087: Port 'tmds_data_p[1]' is not constrained, it is treated as combinational output.
W: Timing-4087: Port 'tmds_data_p[2]' is not constrained, it is treated as combinational output.
W: Timing-4086: Port 'rst_n' is not constrained, it is treated as combinational input.
W: Timing-4086: Port 'uart_rx' is not constrained, it is treated as combinational input.
Begin dump timing report
End dump timing report
Action report_timing: Real time elapsed is 5.000 sec
Action report_timing: CPU time elapsed is 4.000 sec
Current time: Mon Feb 27 21:43:00 2023
Action report_timing: Peak memory pool usage is 380,125,184 bytes
Report timing is finished successfully.
